2025-03-10 18:52:19 INFO Cache refreshed response_time=797.3
2025-03-12 07:52:09 INFO Data backup completed response_time=365.3
2025-03-07 22:09:04 WARNING Memory usage above 80% response_time=1254.7
2025-03-10 20:34:50 INFO User login successful response_time=146.9
2025-03-11 01:57:39 WARNING Slow database response response_time=2920.3
2025-03-09 05:31:28 ERROR Database connection failed response_time=7741.6
2025-03-11 22:28:18 WARNING Cache miss rate increasing response_time=1222.9
2025-03-11 02:12:39 INFO Data backup completed response_time=288.6
2025-03-10 06:52:00 INFO Database query completed response_time=779.5
2025-03-10 03:17:43 INFO Cache refreshed response_time=126.9
2025-03-11 22:15:59 WARNING Slow database response response_time=4109.0
2025-03-08 23:37:21 INFO Request processed successfully response_time=313.4
2025-03-12 03:22:13 WARNING Slow database response response_time=4293.7
2025-03-09 22:55:21 INFO Database query completed response_time=880.5
2025-03-05 15:02:41 WARNING Memory usage above 80% response_time=3921.8
2025-03-10 18:44:01 INFO Request processed successfully response_time=152.4
2025-03-08 13:43:39 INFO Request processed successfully response_time=674.1
2025-03-08 04:09:40 WARNING Memory usage above 80% response_time=2872.5
2025-03-08 15:27:38 INFO Cache refreshed response_time=809.5
2025-03-12 02:28:38 INFO User login successful response_time=677.2
2025-03-11 15:58:40 WARNING Cache miss rate increasing response_time=4113.6
2025-03-12 00:42:41 INFO User login successful response_time=760.1
2025-03-12 01:00:49 INFO User login successful response_time=118.9
2025-03-11 18:29:49 ERROR File system error response_time=6014.8
2025-03-08 19:24:21 INFO User login successful response_time=394.4
2025-03-06 07:24:39 INFO User login successful response_time=335.3
2025-03-06 03:27:40 INFO Database query completed response_time=496.5
2025-03-10 20:31:33 INFO Database query completed response_time=958.5
2025-03-06 08:44:07 INFO Cache refreshed response_time=355.9
2025-03-06 10:30:21 WARNING Disk usage above 90% response_time=3930.0
2025-03-07 19:47:00 WARNING High CPU usage detected response_time=4701.6
2025-03-06 05:45:46 INFO Cache refreshed response_time=575.6
2025-03-06 04:43:21 INFO Data backup completed response_time=896.5
2025-03-11 09:49:44 WARNING Disk usage above 90% response_time=2217.0
2025-03-10 23:48:20 INFO Cache refreshed response_time=218.9
2025-03-08 07:12:38 WARNING High CPU usage detected response_time=2821.1
2025-03-10 18:16:59 ERROR API endpoint timeout response_time=7160.1
2025-03-08 05:52:59 INFO Request processed successfully response_time=938.1
2025-03-07 00:42:04 ERROR Database connection failed response_time=6547.0
2025-03-08 20:04:09 WARNING High CPU usage detected response_time=3355.0
2025-03-11 07:28:32 WARNING Memory usage above 80% response_time=3596.1
2025-03-11 14:59:32 INFO User login successful response_time=475.3
2025-03-12 08:57:39 INFO Data backup completed response_time=503.5
2025-03-11 15:10:37 INFO Request processed successfully response_time=781.0
2025-03-05 14:36:46 WARNING Cache miss rate increasing response_time=2995.6
2025-03-07 01:43:13 INFO Database query completed response_time=402.7
2025-03-07 08:09:43 INFO Request processed successfully response_time=350.7
2025-03-11 02:07:14 INFO Database query completed response_time=197.1
2025-03-10 11:19:17 INFO User login successful response_time=447.1
2025-03-06 14:37:57 INFO User login successful response_time=919.0
2025-03-06 02:27:41 WARNING Cache miss rate increasing response_time=1447.0
2025-03-08 03:15:25 WARNING Cache miss rate increasing response_time=1025.2
2025-03-10 13:34:13 INFO User login successful response_time=981.5
2025-03-08 13:01:04 WARNING Memory usage above 80% response_time=3611.3
2025-03-08 14:11:08 INFO Data backup completed response_time=528.2
2025-03-09 12:21:57 INFO Cache refreshed response_time=502.2
2025-03-10 16:51:39 INFO User login successful response_time=385.4
2025-03-09 10:04:46 INFO User login successful response_time=555.0
2025-03-06 16:44:04 INFO Request processed successfully response_time=445.4
2025-03-06 08:38:35 WARNING Memory usage above 80% response_time=1146.0
2025-03-09 04:56:49 WARNING Memory usage above 80% response_time=4385.3
2025-03-08 02:11:17 INFO User login successful response_time=342.8
2025-03-07 07:25:10 INFO User login successful response_time=601.3
2025-03-10 10:17:11 INFO Database query completed response_time=397.9
2025-03-09 00:08:17 INFO Data backup completed response_time=444.2
2025-03-11 09:21:04 WARNING Slow database response response_time=4979.3
2025-03-05 18:21:49 INFO Request processed successfully response_time=392.5
2025-03-08 21:58:59 INFO Data backup completed response_time=241.7
2025-03-11 07:29:29 INFO Data backup completed response_time=780.2
2025-03-05 15:01:26 WARNING Memory usage above 80% response_time=4665.2
2025-03-12 09:25:11 INFO Request processed successfully response_time=88.7
2025-03-06 08:41:17 WARNING Disk usage above 90% response_time=4187.0
2025-03-11 08:46:30 INFO Request processed successfully response_time=701.7
2025-03-11 12:34:28 INFO Request processed successfully response_time=676.6
2025-03-07 01:38:51 WARNING Slow database response response_time=3250.4
2025-03-11 21:56:46 ERROR API endpoint timeout response_time=11049.5
2025-03-07 04:52:14 INFO Request processed successfully response_time=468.4
2025-03-06 03:15:28 INFO Data backup completed response_time=252.6
2025-03-06 08:05:56 ERROR Database connection failed response_time=10087.8
2025-03-11 17:39:46 INFO User login successful response_time=302.5
2025-03-07 16:02:32 ERROR API endpoint timeout response_time=13316.7
2025-03-10 22:30:23 WARNING Cache miss rate increasing response_time=3248.6
2025-03-05 15:12:13 INFO Data backup completed response_time=806.9
2025-03-09 09:25:04 INFO Request processed successfully response_time=553.9
2025-03-10 08:11:54 INFO User login successful response_time=837.4
2025-03-09 11:46:13 ERROR Database connection failed response_time=7503.2
2025-03-07 08:02:06 INFO Database query completed response_time=67.0
2025-03-09 07:35:19 INFO Request processed successfully response_time=711.8
2025-03-09 16:08:22 ERROR API endpoint timeout response_time=7755.8
2025-03-07 17:40:45 INFO User login successful response_time=616.9
2025-03-12 03:27:50 INFO Database query completed response_time=426.9
2025-03-10 03:12:57 WARNING Disk usage above 90% response_time=1047.5
2025-03-07 20:40:47 INFO Database query completed response_time=130.4
2025-03-07 21:08:28 INFO Request processed successfully response_time=264.0
2025-03-07 09:32:16 INFO Database query completed response_time=411.4
2025-03-08 03:43:19 INFO Database query completed response_time=900.9
2025-03-10 00:15:52 INFO Request processed successfully response_time=278.9
2025-03-11 03:57:51 INFO Request processed successfully response_time=675.2
2025-03-06 13:34:11 INFO Database query completed response_time=581.6
2025-03-08 21:53:31 INFO Data backup completed response_time=343.4
2025-03-09 21:18:22 INFO Database query completed response_time=994.2
2025-03-11 05:10:50 WARNING Cache miss rate increasing response_time=3452.1
2025-03-10 02:48:48 WARNING Memory usage above 80% response_time=2031.3
2025-03-11 18:20:43 INFO Cache refreshed response_time=655.1
2025-03-06 12:19:31 INFO User login successful response_time=638.1
2025-03-12 12:53:14 INFO Cache refreshed response_time=348.4
2025-03-11 21:56:47 INFO Request processed successfully response_time=124.2
2025-03-12 00:50:39 INFO Data backup completed response_time=692.0
2025-03-07 00:49:28 ERROR Out of memory error response_time=8302.6
2025-03-12 00:48:56 WARNING Cache miss rate increasing response_time=4827.9
2025-03-07 11:49:54 INFO Data backup completed response_time=229.8
2025-03-05 20:03:29 INFO User login successful response_time=640.8
2025-03-10 01:38:23 WARNING Cache miss rate increasing response_time=3396.8
2025-03-09 08:04:51 INFO Data backup completed response_time=491.3
2025-03-07 23:03:05 INFO User login successful response_time=600.6
2025-03-07 23:14:25 WARNING High CPU usage detected response_time=2946.0
2025-03-07 07:14:07 INFO Data backup completed response_time=257.7
2025-03-09 11:59:27 INFO Request processed successfully response_time=295.6
2025-03-08 03:54:56 INFO Data backup completed response_time=549.8
2025-03-08 15:18:05 WARNING Memory usage above 80% response_time=1805.1
2025-03-09 08:56:58 INFO Cache refreshed response_time=809.2
2025-03-12 09:18:07 INFO Request processed successfully response_time=956.7
2025-03-06 05:09:08 INFO User login successful response_time=215.3
2025-03-09 04:50:26 ERROR Authentication failed response_time=6389.3
2025-03-09 21:55:00 WARNING Cache miss rate increasing response_time=2158.3
2025-03-10 00:30:15 INFO User login successful response_time=908.8
2025-03-08 18:21:48 INFO Data backup completed response_time=211.8
2025-03-09 18:08:51 WARNING Cache miss rate increasing response_time=4722.9
2025-03-08 22:19:09 WARNING Disk usage above 90% response_time=3130.5
2025-03-06 16:28:24 INFO Database query completed response_time=606.2
2025-03-08 10:32:13 INFO User login successful response_time=699.7
2025-03-05 21:12:53 INFO Database query completed response_time=536.1
2025-03-06 20:48:02 INFO User login successful response_time=938.7
2025-03-09 23:31:48 INFO Request processed successfully response_time=863.3
2025-03-05 19:02:00 INFO Database query completed response_time=135.5
2025-03-07 13:07:38 INFO Request processed successfully response_time=529.0
2025-03-08 00:23:12 WARNING Cache miss rate increasing response_time=2124.7
2025-03-07 08:46:07 INFO Request processed successfully response_time=757.9
2025-03-08 14:56:43 INFO Database query completed response_time=226.6
2025-03-09 10:58:54 INFO User login successful response_time=266.5
2025-03-05 17:39:17 WARNING Slow database response response_time=1157.6
2025-03-08 03:30:42 INFO Request processed successfully response_time=925.2
2025-03-09 11:15:39 INFO Data backup completed response_time=728.1
2025-03-12 12:46:23 INFO Request processed successfully response_time=873.8
2025-03-07 11:54:31 INFO Data backup completed response_time=130.7
2025-03-12 07:13:44 INFO Database query completed response_time=62.5
2025-03-09 22:33:23 INFO Database query completed response_time=880.7
2025-03-10 12:12:18 INFO Cache refreshed response_time=621.1
2025-03-07 06:55:02 INFO Database query completed response_time=242.9
2025-03-06 06:39:02 WARNING High CPU usage detected response_time=3859.7
2025-03-11 10:43:49 WARNING Cache miss rate increasing response_time=4994.9
2025-03-11 07:06:41 INFO Database query completed response_time=363.9
2025-03-11 15:57:58 INFO Data backup completed response_time=152.5
2025-03-08 00:58:28 WARNING Cache miss rate increasing response_time=1270.2
2025-03-12 12:42:04 INFO User login successful response_time=295.1
2025-03-09 05:50:09 INFO Request processed successfully response_time=858.5
2025-03-06 20:24:32 INFO Database query completed response_time=511.3
2025-03-09 17:05:29 INFO Database query completed response_time=359.8
2025-03-11 11:39:13 INFO Cache refreshed response_time=247.7
2025-03-07 17:53:00 INFO Data backup completed response_time=857.8
2025-03-12 03:35:50 INFO Cache refreshed response_time=546.8
2025-03-11 00:32:04 INFO Database query completed response_time=759.0
2025-03-11 03:54:23 ERROR Database connection failed response_time=12324.7
2025-03-07 01:12:03 INFO Request processed successfully response_time=190.7
2025-03-11 01:36:25 INFO Request processed successfully response_time=233.4
2025-03-09 08:37:46 INFO Data backup completed response_time=372.8
2025-03-07 01:53:51 WARNING Slow database response response_time=1372.0
2025-03-05 21:20:32 INFO Data backup completed response_time=638.2
2025-03-10 14:57:49 INFO Database query completed response_time=567.2
2025-03-09 04:21:18 WARNING Disk usage above 90% response_time=4666.7
2025-03-06 09:29:29 INFO User login successful response_time=351.9
2025-03-12 02:02:31 INFO Data backup completed response_time=509.6
2025-03-10 17:53:34 INFO User login successful response_time=315.7
2025-03-07 10:15:06 INFO Cache refreshed response_time=805.6
2025-03-10 02:39:46 WARNING High CPU usage detected response_time=3311.5
2025-03-08 19:52:30 WARNING Memory usage above 80% response_time=3616.7
2025-03-11 04:44:53 INFO Data backup completed response_time=410.6
2025-03-11 13:54:30 ERROR File system error response_time=10380.7
2025-03-09 20:12:18 INFO Data backup completed response_time=240.1
2025-03-05 19:07:17 WARNING Memory usage above 80% response_time=3729.8
2025-03-08 17:45:31 WARNING Memory usage above 80% response_time=2788.9
2025-03-06 07:11:23 INFO Cache refreshed response_time=628.5
2025-03-12 02:46:29 INFO Database query completed response_time=944.0
2025-03-07 09:26:01 WARNING Cache miss rate increasing response_time=1115.6
2025-03-06 00:04:56 INFO User login successful response_time=137.7
2025-03-07 01:30:50 ERROR API endpoint timeout response_time=5062.6
2025-03-07 15:00:40 INFO Request processed successfully response_time=257.4
2025-03-10 02:51:07 INFO Cache refreshed response_time=587.3
2025-03-06 13:11:36 INFO Request processed successfully response_time=818.7
2025-03-08 07:34:22 ERROR File system error response_time=5744.3
2025-03-06 05:52:03 INFO Request processed successfully response_time=407.5
2025-03-09 01:48:01 INFO User login successful response_time=632.5
2025-03-12 12:50:51 INFO User login successful response_time=853.3
2025-03-07 03:23:29 INFO Data backup completed response_time=459.0
2025-03-05 16:28:54 INFO Cache refreshed response_time=813.5
2025-03-07 07:40:31 INFO Data backup completed response_time=591.3
2025-03-09 06:14:46 INFO Data backup completed response_time=248.4
2025-03-09 19:35:59 INFO Request processed successfully response_time=564.8
2025-03-10 12:52:46 WARNING Memory usage above 80% response_time=4105.6
2025-03-08 04:40:25 WARNING Slow database response response_time=1168.0
2025-03-08 13:53:55 INFO Database query completed response_time=488.6
2025-03-11 09:05:35 WARNING High CPU usage detected response_time=2779.1
2025-03-10 20:47:05 INFO Data backup completed response_time=476.6
2025-03-08 09:53:51 INFO Database query completed response_time=224.7
2025-03-09 21:42:36 INFO Data backup completed response_time=299.6
2025-03-06 13:28:38 INFO Request processed successfully response_time=594.7
2025-03-10 12:34:10 INFO Cache refreshed response_time=906.8
2025-03-11 01:17:50 WARNING Memory usage above 80% response_time=1657.2
2025-03-12 01:44:13 INFO User login successful response_time=710.1
2025-03-09 19:11:45 INFO Data backup completed response_time=239.3
2025-03-05 15:04:36 INFO Cache refreshed response_time=448.6
2025-03-07 05:56:28 WARNING Memory usage above 80% response_time=3576.5
2025-03-05 15:02:53 WARNING High CPU usage detected response_time=2719.0
2025-03-10 09:31:47 INFO Cache refreshed response_time=537.8
2025-03-07 07:21:04 WARNING Disk usage above 90% response_time=1921.0
2025-03-11 15:57:57 WARNING Disk usage above 90% response_time=1008.2
2025-03-06 02:29:14 ERROR API endpoint timeout response_time=11293.0
2025-03-11 15:33:50 WARNING High CPU usage detected response_time=1218.4
2025-03-05 14:36:05 INFO Cache refreshed response_time=718.9
2025-03-12 07:29:40 WARNING Disk usage above 90% response_time=1873.4
2025-03-06 19:21:42 WARNING Slow database response response_time=4168.8
2025-03-06 11:38:38 INFO Database query completed response_time=573.4
2025-03-10 11:35:20 INFO Database query completed response_time=641.3
2025-03-05 16:29:03 INFO Cache refreshed response_time=502.8
2025-03-07 04:22:39 INFO User login successful response_time=504.2
2025-03-10 15:45:47 INFO Request processed successfully response_time=878.2
2025-03-10 08:30:10 INFO Cache refreshed response_time=366.2
2025-03-09 13:13:26 INFO Request processed successfully response_time=720.7
2025-03-09 11:27:43 WARNING High CPU usage detected response_time=4009.0
2025-03-10 05:25:30 INFO Database query completed response_time=309.4
2025-03-07 05:21:29 INFO Data backup completed response_time=483.2
2025-03-11 18:01:11 INFO Request processed successfully response_time=658.0
2025-03-12 04:39:36 INFO Request processed successfully response_time=215.9
2025-03-10 05:12:09 INFO Data backup completed response_time=501.3
2025-03-11 05:34:52 ERROR Out of memory error response_time=6778.1
2025-03-11 15:36:28 INFO Request processed successfully response_time=686.6
2025-03-09 04:37:17 INFO Request processed successfully response_time=523.0
2025-03-11 12:18:14 INFO Cache refreshed response_time=289.0
2025-03-09 14:20:55 INFO User login successful response_time=538.6
2025-03-06 13:05:13 WARNING Slow database response response_time=4975.5
2025-03-09 04:14:03 WARNING Disk usage above 90% response_time=2287.4
2025-03-10 13:44:01 INFO Request processed successfully response_time=776.9
2025-03-07 16:07:06 INFO Data backup completed response_time=290.4
2025-03-05 15:06:49 ERROR Out of memory error response_time=11169.1
2025-03-09 07:30:54 INFO Data backup completed response_time=870.7
2025-03-10 01:42:24 ERROR Out of memory error response_time=8692.0
2025-03-10 18:30:22 INFO User login successful response_time=164.8
2025-03-08 11:58:42 INFO Request processed successfully response_time=366.7
2025-03-08 19:31:57 INFO User login successful response_time=289.5
2025-03-09 11:53:14 INFO User login successful response_time=363.4
2025-03-07 13:40:44 INFO Data backup completed response_time=563.8
2025-03-07 07:09:31 INFO User login successful response_time=945.1
2025-03-11 11:50:24 INFO Cache refreshed response_time=416.2
2025-03-05 21:03:20 INFO User login successful response_time=77.3
2025-03-10 20:52:37 INFO Database query completed response_time=129.3
2025-03-11 15:45:27 ERROR Authentication failed response_time=13629.0
2025-03-07 21:42:42 INFO User login successful response_time=869.9
2025-03-12 12:02:48 INFO Database query completed response_time=971.3
2025-03-10 10:32:30 ERROR Authentication failed response_time=12428.1
2025-03-10 03:34:15 INFO Database query completed response_time=401.4
2025-03-08 14:22:54 INFO Data backup completed response_time=159.3
2025-03-10 11:12:19 INFO Database query completed response_time=883.6
2025-03-06 08:25:20 INFO User login successful response_time=471.1
2025-03-06 21:36:30 INFO Database query completed response_time=988.0
2025-03-10 09:53:07 INFO Data backup completed response_time=769.5
2025-03-09 01:49:52 INFO User login successful response_time=714.5
2025-03-05 20:15:16 INFO Data backup completed response_time=823.7
2025-03-07 08:12:40 INFO Request processed successfully response_time=267.5
2025-03-05 20:08:03 INFO Cache refreshed response_time=544.8
2025-03-06 07:26:25 INFO Data backup completed response_time=737.1
2025-03-07 20:02:18 INFO User login successful response_time=675.6
2025-03-11 04:13:48 INFO Data backup completed response_time=356.2
2025-03-11 00:14:11 INFO Data backup completed response_time=619.0
2025-03-12 06:47:54 INFO Request processed successfully response_time=59.7
2025-03-09 06:15:39 INFO Cache refreshed response_time=983.2
2025-03-09 04:20:08 INFO User login successful response_time=562.7
2025-03-08 09:01:25 INFO User login successful response_time=245.8
2025-03-09 07:38:11 WARNING Slow database response response_time=3280.4
2025-03-05 19:01:20 WARNING Disk usage above 90% response_time=2648.9
2025-03-07 00:57:33 INFO Database query completed response_time=768.6
2025-03-05 19:20:35 WARNING Slow database response response_time=3348.1
2025-03-06 23:23:47 INFO User login successful response_time=929.5
2025-03-11 23:00:37 INFO Database query completed response_time=552.0
2025-03-12 03:18:58 INFO Request processed successfully response_time=875.6
2025-03-07 23:30:16 INFO User login successful response_time=859.7
2025-03-07 09:07:02 WARNING High CPU usage detected response_time=3404.5
2025-03-05 21:10:30 INFO Cache refreshed response_time=722.0
2025-03-08 20:53:31 INFO Request processed successfully response_time=618.8
2025-03-11 08:54:41 WARNING High CPU usage detected response_time=4765.7
2025-03-10 00:45:33 INFO Request processed successfully response_time=956.2
2025-03-08 22:46:20 INFO User login successful response_time=861.8
2025-03-10 23:21:43 INFO Data backup completed response_time=201.2
2025-03-07 22:27:12 WARNING Cache miss rate increasing response_time=1521.7
2025-03-09 18:35:51 INFO Database query completed response_time=228.4
2025-03-07 20:05:46 INFO Request processed successfully response_time=97.9
2025-03-08 07:53:57 INFO User login successful response_time=272.7
2025-03-08 15:20:10 ERROR Authentication failed response_time=6257.4
2025-03-08 08:41:51 WARNING High CPU usage detected response_time=1849.6
2025-03-12 07:37:38 INFO User login successful response_time=881.9
2025-03-10 03:06:00 ERROR API endpoint timeout response_time=14276.9
2025-03-07 08:20:29 INFO Data backup completed response_time=127.2
2025-03-08 16:42:42 INFO User login successful response_time=847.2
2025-03-06 01:42:40 WARNING High CPU usage detected response_time=1466.5
2025-03-12 07:52:19 INFO User login successful response_time=209.0
2025-03-12 01:05:18 INFO Request processed successfully response_time=944.4
2025-03-07 17:10:10 INFO Request processed successfully response_time=878.4
2025-03-10 09:58:01 INFO Data backup completed response_time=266.6
2025-03-09 22:10:36 INFO User login successful response_time=911.4
2025-03-06 10:41:45 INFO Data backup completed response_time=255.0
2025-03-09 02:53:09 ERROR API endpoint timeout response_time=14257.4
2025-03-05 14:41:53 WARNING Memory usage above 80% response_time=2352.3
2025-03-06 07:51:31 WARNING Disk usage above 90% response_time=1527.2
2025-03-09 12:03:33 INFO Cache refreshed response_time=864.8
2025-03-10 07:26:41 INFO Data backup completed response_time=94.9
2025-03-10 19:13:51 ERROR Out of memory error response_time=6217.8
2025-03-10 01:26:44 WARNING Disk usage above 90% response_time=3002.2
2025-03-09 10:45:55 INFO Cache refreshed response_time=783.3
2025-03-07 02:59:40 INFO Request processed successfully response_time=567.7
2025-03-05 13:11:29 INFO User login successful response_time=788.2
2025-03-07 09:47:47 INFO Database query completed response_time=189.5
2025-03-10 00:19:12 INFO Request processed successfully response_time=377.0
2025-03-12 00:16:15 INFO Request processed successfully response_time=768.2
2025-03-06 17:06:44 INFO Cache refreshed response_time=384.8
2025-03-10 17:40:10 INFO User login successful response_time=297.6
2025-03-09 21:05:22 INFO Data backup completed response_time=965.9
2025-03-08 16:22:49 INFO Data backup completed response_time=972.5
2025-03-11 10:04:31 INFO Cache refreshed response_time=248.4
2025-03-07 00:36:56 INFO Data backup completed response_time=135.7
2025-03-11 15:10:09 INFO User login successful response_time=712.1
2025-03-06 06:59:39 INFO Database query completed response_time=919.5
2025-03-10 16:00:14 INFO Request processed successfully response_time=854.0
2025-03-10 17:15:34 INFO User login successful response_time=748.0
2025-03-12 01:13:33 ERROR API endpoint timeout response_time=9914.3
2025-03-10 16:48:34 INFO User login successful response_time=313.9
2025-03-10 09:26:11 INFO Request processed successfully response_time=596.0
2025-03-08 22:59:33 INFO Request processed successfully response_time=50.2
2025-03-11 03:38:26 INFO Cache refreshed response_time=270.3
2025-03-10 17:49:56 INFO Data backup completed response_time=816.6
2025-03-10 03:00:40 INFO Data backup completed response_time=136.0
2025-03-11 20:06:29 INFO Database query completed response_time=606.3
2025-03-10 09:21:38 WARNING High CPU usage detected response_time=4299.5
2025-03-07 06:11:44 INFO User login successful response_time=314.5
2025-03-11 02:16:53 INFO Request processed successfully response_time=970.1
2025-03-07 04:07:02 INFO User login successful response_time=735.7
2025-03-09 12:50:29 INFO Request processed successfully response_time=780.6
2025-03-12 06:26:34 INFO Cache refreshed response_time=254.7
2025-03-11 02:02:40 WARNING High CPU usage detected response_time=3025.1
2025-03-10 03:23:42 INFO Database query completed response_time=573.4
2025-03-09 07:31:42 INFO Request processed successfully response_time=462.9
2025-03-10 13:18:13 INFO Cache refreshed response_time=830.4
2025-03-12 09:08:15 INFO Data backup completed response_time=971.0
2025-03-11 02:46:13 WARNING Cache miss rate increasing response_time=3340.1
2025-03-09 17:12:19 INFO User login successful response_time=723.2
2025-03-07 17:57:32 INFO Cache refreshed response_time=392.6
2025-03-06 13:09:43 INFO Database query completed response_time=589.2
2025-03-06 00:21:25 INFO User login successful response_time=198.6
2025-03-05 20:35:29 INFO Data backup completed response_time=437.4
2025-03-10 00:23:06 ERROR File system error response_time=10052.1
2025-03-06 01:51:00 INFO Cache refreshed response_time=717.4
2025-03-12 02:14:15 INFO Cache refreshed response_time=857.4
2025-03-10 10:02:56 INFO Data backup completed response_time=559.9
2025-03-08 23:22:54 WARNING Slow database response response_time=1207.0
2025-03-08 17:23:15 INFO User login successful response_time=730.5
2025-03-12 11:32:21 WARNING Slow database response response_time=4463.7
2025-03-07 09:23:31 ERROR Authentication failed response_time=10518.8
2025-03-10 17:04:14 ERROR File system error response_time=14805.0
2025-03-08 16:34:04 INFO User login successful response_time=117.7
2025-03-06 21:03:04 WARNING Disk usage above 90% response_time=1291.2
2025-03-08 07:15:22 INFO Data backup completed response_time=354.1
2025-03-06 21:24:25 WARNING Cache miss rate increasing response_time=4197.1
2025-03-11 15:01:20 WARNING High CPU usage detected response_time=1299.9
2025-03-09 17:22:33 INFO User login successful response_time=326.0
2025-03-12 00:06:16 INFO Data backup completed response_time=620.3
2025-03-09 01:20:34 INFO User login successful response_time=984.3
2025-03-06 13:55:23 INFO User login successful response_time=524.1
2025-03-06 20:26:59 WARNING Slow database response response_time=4756.3
2025-03-05 16:44:01 INFO User login successful response_time=614.2
2025-03-11 00:40:46 INFO Request processed successfully response_time=472.0
2025-03-09 13:52:04 WARNING Cache miss rate increasing response_time=1946.9
2025-03-11 19:51:23 INFO Database query completed response_time=819.7
2025-03-08 12:25:10 INFO Data backup completed response_time=244.0
2025-03-07 09:53:13 INFO Database query completed response_time=406.2
2025-03-06 09:04:50 INFO Cache refreshed response_time=561.2
2025-03-10 20:25:54 WARNING Disk usage above 90% response_time=4010.9
2025-03-07 08:08:59 ERROR Database connection failed response_time=13400.1
2025-03-06 18:14:43 INFO Request processed successfully response_time=86.1
2025-03-11 09:50:01 WARNING Slow database response response_time=4652.4
2025-03-07 06:01:03 WARNING High CPU usage detected response_time=4025.5
2025-03-05 15:10:10 INFO User login successful response_time=547.6
2025-03-10 05:15:34 INFO Request processed successfully response_time=395.7
2025-03-06 10:04:56 INFO Data backup completed response_time=960.7
2025-03-07 02:48:26 INFO Database query completed response_time=68.1
2025-03-06 10:02:42 ERROR Database connection failed response_time=9853.1
2025-03-10 22:54:50 ERROR Authentication failed response_time=12376.3
2025-03-06 02:14:29 INFO Request processed successfully response_time=135.6
2025-03-11 05:30:22 INFO Cache refreshed response_time=402.1
2025-03-07 10:19:22 INFO User login successful response_time=523.6
2025-03-07 05:06:19 INFO Database query completed response_time=377.9
2025-03-12 09:34:15 INFO Data backup completed response_time=328.7
2025-03-05 23:28:27 INFO Request processed successfully response_time=943.8
2025-03-06 23:21:29 WARNING Memory usage above 80% response_time=4441.4
2025-03-05 14:51:20 WARNING High CPU usage detected response_time=4056.4
2025-03-11 05:54:17 INFO Request processed successfully response_time=809.2
2025-03-11 03:08:53 INFO Database query completed response_time=946.1
2025-03-08 22:42:19 INFO Data backup completed response_time=864.9
2025-03-11 14:36:46 INFO Database query completed response_time=909.2
2025-03-08 02:09:27 INFO User login successful response_time=582.3
2025-03-06 21:21:07 INFO Data backup completed response_time=627.2
2025-03-06 11:55:20 INFO Database query completed response_time=315.2
2025-03-11 06:22:17 INFO Request processed successfully response_time=636.7
2025-03-07 18:31:08 ERROR Out of memory error response_time=6844.7
2025-03-08 05:00:27 INFO Database query completed response_time=276.9
2025-03-08 13:07:10 INFO User login successful response_time=98.6
2025-03-09 13:43:08 INFO Database query completed response_time=971.6
2025-03-06 02:30:24 INFO Cache refreshed response_time=810.7
2025-03-09 11:58:58 INFO Request processed successfully response_time=880.2
2025-03-09 14:56:58 INFO Cache refreshed response_time=76.8
2025-03-08 03:06:10 INFO Data backup completed response_time=746.1
2025-03-06 06:26:11 INFO Request processed successfully response_time=905.8
2025-03-11 14:38:00 INFO Data backup completed response_time=195.7
2025-03-07 13:38:14 WARNING Disk usage above 90% response_time=1388.9
2025-03-08 00:11:15 WARNING Memory usage above 80% response_time=3612.5
2025-03-10 18:29:30 INFO User login successful response_time=634.3
2025-03-12 07:27:09 WARNING Cache miss rate increasing response_time=1557.1
2025-03-08 06:16:05 INFO Request processed successfully response_time=779.1
2025-03-10 00:19:28 WARNING Disk usage above 90% response_time=3750.3
2025-03-11 04:31:45 INFO Database query completed response_time=622.9
2025-03-12 04:45:50 WARNING Slow database response response_time=2345.6
2025-03-08 04:14:52 INFO Request processed successfully response_time=763.7
2025-03-08 01:57:55 INFO Data backup completed response_time=479.0
2025-03-09 16:33:20 INFO Data backup completed response_time=303.5
2025-03-10 12:30:43 INFO Request processed successfully response_time=620.2
2025-03-07 08:20:29 INFO Database query completed response_time=561.2
2025-03-10 18:38:59 INFO Cache refreshed response_time=717.9
2025-03-05 22:21:22 INFO User login successful response_time=648.3
2025-03-12 10:58:40 INFO Database query completed response_time=288.2
2025-03-05 16:27:12 INFO Cache refreshed response_time=823.4
2025-03-06 04:01:06 INFO Data backup completed response_time=832.0
2025-03-06 08:23:06 INFO User login successful response_time=819.9
2025-03-10 04:47:21 INFO Cache refreshed response_time=493.1
2025-03-05 13:03:52 INFO User login successful response_time=561.0
2025-03-06 00:24:50 INFO User login successful response_time=250.4
2025-03-07 04:40:17 WARNING Slow database response response_time=4380.0
2025-03-12 11:24:19 INFO Cache refreshed response_time=699.8
2025-03-12 03:58:01 INFO Database query completed response_time=516.7
2025-03-11 14:45:55 ERROR API endpoint timeout response_time=9133.9
2025-03-05 14:26:10 WARNING Disk usage above 90% response_time=4817.2
2025-03-07 03:49:38 INFO Database query completed response_time=494.1
2025-03-05 22:41:49 INFO Cache refreshed response_time=427.0
2025-03-10 03:59:48 WARNING High CPU usage detected response_time=3788.4
2025-03-07 12:45:00 INFO Data backup completed response_time=204.7
2025-03-09 23:52:22 WARNING Disk usage above 90% response_time=1380.6
2025-03-08 01:12:39 WARNING Memory usage above 80% response_time=3386.6
2025-03-08 16:18:16 ERROR Database connection failed response_time=6484.5
2025-03-11 05:45:11 INFO Cache refreshed response_time=784.1
2025-03-09 11:01:09 ERROR Authentication failed response_time=5479.5
2025-03-09 00:40:40 INFO User login successful response_time=319.5
2025-03-07 20:42:02 INFO Request processed successfully response_time=834.4
2025-03-07 07:54:14 INFO Cache refreshed response_time=922.2
2025-03-09 22:20:48 INFO Data backup completed response_time=499.5
2025-03-06 08:40:02 WARNING Slow database response response_time=1553.5
2025-03-10 08:10:04 INFO Cache refreshed response_time=244.2
2025-03-07 07:06:20 INFO Request processed successfully response_time=518.4
2025-03-11 05:26:10 INFO Data backup completed response_time=722.6
2025-03-06 04:32:34 WARNING Memory usage above 80% response_time=2216.8
2025-03-07 20:30:45 INFO User login successful response_time=556.7
2025-03-10 05:00:26 WARNING Memory usage above 80% response_time=1815.6
2025-03-12 03:02:52 INFO Request processed successfully response_time=434.2
2025-03-10 10:33:28 INFO Database query completed response_time=876.1
2025-03-11 00:32:00 INFO User login successful response_time=392.6
2025-03-10 13:18:22 INFO Cache refreshed response_time=646.3
2025-03-07 10:36:12 ERROR API endpoint timeout response_time=5613.2
2025-03-05 21:13:16 INFO Cache refreshed response_time=689.0
2025-03-06 13:09:03 INFO Cache refreshed response_time=127.3
2025-03-12 05:39:59 INFO Database query completed response_time=326.5
2025-03-06 05:16:26 INFO User login successful response_time=459.9
2025-03-05 21:44:27 INFO User login successful response_time=279.6
2025-03-07 13:34:59 INFO Data backup completed response_time=166.1
2025-03-12 07:11:15 INFO Request processed successfully response_time=922.2
2025-03-11 02:32:49 INFO Database query completed response_time=425.3
2025-03-10 02:24:43 INFO User login successful response_time=274.1
2025-03-08 19:12:06 INFO User login successful response_time=370.9
2025-03-06 20:05:03 INFO Data backup completed response_time=182.5
2025-03-06 12:26:53 WARNING Memory usage above 80% response_time=2397.8
2025-03-05 17:09:35 WARNING Cache miss rate increasing response_time=1342.2
2025-03-11 01:01:28 INFO Database query completed response_time=609.8
2025-03-06 04:35:32 INFO Database query completed response_time=169.4
2025-03-05 23:44:10 WARNING Cache miss rate increasing response_time=2099.2
2025-03-06 15:49:51 INFO User login successful response_time=941.2
2025-03-10 06:30:06 ERROR File system error response_time=9733.3
2025-03-08 06:29:56 ERROR File system error response_time=9120.9
2025-03-06 11:23:10 INFO User login successful response_time=387.4
2025-03-12 02:11:57 WARNING Disk usage above 90% response_time=2852.7
2025-03-08 04:52:33 INFO Cache refreshed response_time=472.8
2025-03-10 09:07:29 WARNING Disk usage above 90% response_time=3560.4
2025-03-05 14:36:18 INFO Database query completed response_time=562.3
2025-03-05 15:02:20 INFO Database query completed response_time=578.1
2025-03-06 05:41:56 ERROR Authentication failed response_time=8693.2
2025-03-12 12:50:42 INFO Database query completed response_time=903.8
2025-03-12 08:16:48 INFO User login successful response_time=157.2
2025-03-10 10:39:08 INFO Database query completed response_time=500.7
2025-03-06 23:42:23 INFO Database query completed response_time=650.6
2025-03-11 05:34:06 INFO Request processed successfully response_time=723.4
2025-03-06 13:28:20 ERROR Authentication failed response_time=10153.3
2025-03-10 22:23:51 INFO User login successful response_time=572.0
2025-03-09 02:32:17 INFO Request processed successfully response_time=549.2
2025-03-12 05:00:38 INFO Database query completed response_time=162.7
2025-03-05 18:00:36 INFO Cache refreshed response_time=338.2
2025-03-08 13:56:51 INFO User login successful response_time=147.0
2025-03-11 23:43:07 INFO Data backup completed response_time=296.1
2025-03-06 13:55:35 INFO Cache refreshed response_time=948.4
2025-03-09 09:23:33 WARNING Slow database response response_time=2024.3
2025-03-11 23:52:13 INFO Cache refreshed response_time=226.2
2025-03-09 15:32:36 INFO Cache refreshed response_time=901.4
2025-03-06 02:21:05 INFO Request processed successfully response_time=486.4
2025-03-09 04:05:47 INFO Database query completed response_time=89.6
2025-03-09 20:33:26 INFO Request processed successfully response_time=75.8
2025-03-12 06:33:23 WARNING Memory usage above 80% response_time=3801.5
2025-03-10 08:38:31 INFO Data backup completed response_time=839.6
2025-03-06 10:56:57 INFO Cache refreshed response_time=506.4
2025-03-05 22:16:32 INFO Data backup completed response_time=519.8
2025-03-11 18:15:45 INFO Cache refreshed response_time=771.9
2025-03-10 02:15:01 INFO Data backup completed response_time=101.9
2025-03-09 04:52:23 INFO User login successful response_time=348.5
2025-03-09 03:13:25 WARNING Slow database response response_time=3207.4
2025-03-10 15:00:43 INFO Data backup completed response_time=137.6
2025-03-06 05:07:52 INFO Request processed successfully response_time=945.0
2025-03-05 22:42:17 INFO Database query completed response_time=701.5
2025-03-08 17:49:46 WARNING High CPU usage detected response_time=3720.7
2025-03-06 15:02:37 INFO Database query completed response_time=446.0
2025-03-12 03:45:59 INFO Database query completed response_time=944.7
2025-03-07 11:55:18 INFO Cache refreshed response_time=118.4
2025-03-08 20:16:20 WARNING High CPU usage detected response_time=3438.2
2025-03-12 11:33:09 WARNING High CPU usage detected response_time=4437.4
2025-03-12 06:05:48 ERROR Database connection failed response_time=5068.3
2025-03-12 07:35:43 INFO User login successful response_time=265.4
2025-03-11 11:04:07 INFO User login successful response_time=85.0
2025-03-11 09:01:25 INFO User login successful response_time=844.0
2025-03-08 09:41:58 ERROR Database connection failed response_time=9823.4
2025-03-08 03:34:04 INFO User login successful response_time=915.0
2025-03-10 04:47:15 INFO Database query completed response_time=520.7
2025-03-11 22:33:25 INFO Cache refreshed response_time=933.8
2025-03-09 20:14:26 INFO Data backup completed response_time=840.4
2025-03-10 22:42:07 WARNING High CPU usage detected response_time=2700.8
2025-03-08 10:52:16 INFO Data backup completed response_time=650.4
2025-03-11 16:00:10 ERROR Database connection failed response_time=8207.7
2025-03-08 05:55:37 INFO User login successful response_time=212.5
2025-03-07 10:11:33 INFO Cache refreshed response_time=372.9
2025-03-05 21:22:24 WARNING Memory usage above 80% response_time=4911.3
2025-03-12 05:06:00 INFO Data backup completed response_time=94.9
2025-03-09 15:53:33 INFO Database query completed response_time=396.8
2025-03-06 11:44:50 WARNING Memory usage above 80% response_time=3181.3
2025-03-08 13:45:39 WARNING Slow database response response_time=3657.2
2025-03-06 17:52:40 ERROR Out of memory error response_time=11897.0
2025-03-10 17:14:50 INFO Cache refreshed response_time=908.6
2025-03-11 21:55:14 INFO User login successful response_time=936.2
2025-03-10 23:38:22 WARNING Cache miss rate increasing response_time=3113.1
2025-03-06 10:43:03 WARNING High CPU usage detected response_time=1110.7
2025-03-08 01:56:56 WARNING Slow database response response_time=3793.4
2025-03-07 15:04:08 INFO Database query completed response_time=961.0
2025-03-11 01:57:18 ERROR Authentication failed response_time=6672.7
2025-03-05 23:59:35 INFO Request processed successfully response_time=667.5
2025-03-09 12:22:51 WARNING High CPU usage detected response_time=1283.3
2025-03-05 13:18:07 INFO Database query completed response_time=268.7
2025-03-08 22:44:22 INFO Request processed successfully response_time=799.5
2025-03-05 15:00:32 INFO Database query completed response_time=251.5
2025-03-08 04:51:50 INFO Data backup completed response_time=868.9
2025-03-10 18:10:02 WARNING Cache miss rate increasing response_time=1779.6
2025-03-05 14:05:05 INFO User login successful response_time=808.7
2025-03-10 03:42:04 INFO User login successful response_time=353.5
2025-03-12 06:15:01 INFO User login successful response_time=511.2
2025-03-08 00:59:54 INFO Data backup completed response_time=958.8
2025-03-10 18:17:19 WARNING High CPU usage detected response_time=3983.5
2025-03-10 17:44:11 INFO Request processed successfully response_time=482.4
2025-03-11 15:15:51 INFO Request processed successfully response_time=560.4
2025-03-10 09:59:16 ERROR API endpoint timeout response_time=13923.8
2025-03-09 11:07:14 WARNING High CPU usage detected response_time=4078.5
2025-03-06 10:50:07 ERROR Out of memory error response_time=8769.7
2025-03-07 04:08:00 ERROR File system error response_time=9454.0
2025-03-12 12:46:04 INFO User login successful response_time=352.1
2025-03-12 09:58:43 WARNING Disk usage above 90% response_time=4287.6
2025-03-08 18:59:51 INFO Request processed successfully response_time=368.5
2025-03-11 19:06:44 INFO Data backup completed response_time=538.5
2025-03-07 12:00:25 INFO Cache refreshed response_time=893.6
2025-03-05 15:33:04 ERROR Out of memory error response_time=5254.2
2025-03-10 08:38:02 INFO User login successful response_time=882.6
2025-03-08 07:22:36 ERROR Database connection failed response_time=8702.9
2025-03-05 20:15:55 INFO Database query completed response_time=701.2
2025-03-12 03:52:46 WARNING Disk usage above 90% response_time=3036.6
2025-03-08 05:26:54 INFO Request processed successfully response_time=882.9
2025-03-07 08:28:28 ERROR File system error response_time=5544.4
2025-03-07 16:31:13 INFO Cache refreshed response_time=864.5
2025-03-08 13:52:47 INFO Cache refreshed response_time=377.3
2025-03-10 14:53:39 WARNING Slow database response response_time=2800.2
2025-03-11 02:48:47 INFO Data backup completed response_time=324.7
2025-03-08 04:54:09 WARNING Cache miss rate increasing response_time=3010.3
2025-03-10 18:28:25 INFO Cache refreshed response_time=771.6
2025-03-10 00:16:34 INFO User login successful response_time=882.0
2025-03-06 03:46:19 INFO Request processed successfully response_time=863.9
2025-03-10 19:54:06 INFO Database query completed response_time=284.0
2025-03-11 02:19:19 INFO Data backup completed response_time=217.8
2025-03-08 15:55:28 INFO User login successful response_time=352.0
2025-03-09 07:43:07 INFO Request processed successfully response_time=937.2
2025-03-12 07:44:29 ERROR Database connection failed response_time=8994.3
2025-03-08 17:50:30 INFO User login successful response_time=86.3
2025-03-07 01:54:10 INFO Data backup completed response_time=78.1
2025-03-10 04:55:32 ERROR Database connection failed response_time=5462.9
2025-03-10 20:06:17 WARNING Cache miss rate increasing response_time=4445.6
2025-03-08 09:20:02 INFO User login successful response_time=906.1
2025-03-09 03:19:26 INFO Data backup completed response_time=693.9
2025-03-07 13:47:09 INFO Data backup completed response_time=908.7
2025-03-08 04:27:00 INFO Request processed successfully response_time=871.2
2025-03-10 00:22:49 WARNING Memory usage above 80% response_time=4675.4
2025-03-10 20:26:26 INFO User login successful response_time=504.7
2025-03-10 05:30:46 WARNING Disk usage above 90% response_time=2744.8
2025-03-07 05:47:34 INFO Request processed successfully response_time=419.9
2025-03-05 19:53:52 INFO Request processed successfully response_time=720.9
2025-03-12 12:13:58 WARNING Disk usage above 90% response_time=4438.6
2025-03-09 13:58:49 INFO Request processed successfully response_time=270.7
2025-03-11 04:00:44 WARNING High CPU usage detected response_time=4348.1
2025-03-09 02:02:46 INFO Data backup completed response_time=55.5
2025-03-11 02:21:44 INFO Data backup completed response_time=267.0
2025-03-08 04:49:55 ERROR Out of memory error response_time=13281.5
2025-03-07 11:13:33 INFO Cache refreshed response_time=129.5
2025-03-07 16:34:24 INFO Request processed successfully response_time=505.8
2025-03-11 06:16:05 INFO Database query completed response_time=978.1
2025-03-08 19:30:33 WARNING Cache miss rate increasing response_time=1195.5
2025-03-11 02:18:49 INFO Data backup completed response_time=51.6
2025-03-10 05:04:50 ERROR Authentication failed response_time=12584.7
2025-03-10 07:06:18 INFO Cache refreshed response_time=309.8
2025-03-09 22:46:22 INFO Data backup completed response_time=162.6
2025-03-10 00:48:42 INFO Data backup completed response_time=694.4
2025-03-08 17:16:29 INFO Data backup completed response_time=213.5
2025-03-05 21:36:27 INFO User login successful response_time=204.8
2025-03-10 21:01:54 INFO Data backup completed response_time=373.7
2025-03-06 09:10:59 INFO Database query completed response_time=259.2
2025-03-06 09:48:35 INFO Request processed successfully response_time=653.2
2025-03-07 09:36:10 INFO Data backup completed response_time=250.5
2025-03-09 04:48:18 WARNING High CPU usage detected response_time=3663.5
2025-03-11 16:58:14 INFO Database query completed response_time=230.6
2025-03-07 12:27:10 ERROR File system error response_time=7461.8
2025-03-11 16:21:13 INFO Data backup completed response_time=871.7
2025-03-08 14:02:19 WARNING High CPU usage detected response_time=3110.8
2025-03-07 00:04:11 INFO Database query completed response_time=768.7
2025-03-10 16:38:50 INFO Data backup completed response_time=743.3
2025-03-11 02:57:17 WARNING High CPU usage detected response_time=2893.5
2025-03-09 10:23:17 ERROR Out of memory error response_time=7222.0
2025-03-08 00:19:17 INFO Cache refreshed response_time=325.7
2025-03-07 07:03:51 ERROR API endpoint timeout response_time=10710.3
2025-03-11 17:27:16 INFO Cache refreshed response_time=258.4
2025-03-06 05:04:43 INFO Data backup completed response_time=442.9
2025-03-07 20:17:31 INFO Request processed successfully response_time=556.7
2025-03-10 17:38:44 INFO User login successful response_time=179.1
2025-03-12 08:38:07 INFO Request processed successfully response_time=575.2
2025-03-11 09:53:31 ERROR Out of memory error response_time=5752.7
2025-03-05 14:44:20 INFO User login successful response_time=147.0
2025-03-10 03:25:19 WARNING Memory usage above 80% response_time=4419.4
2025-03-07 10:04:30 INFO Database query completed response_time=783.0
2025-03-06 16:50:37 WARNING High CPU usage detected response_time=2661.8
2025-03-07 04:15:50 INFO Data backup completed response_time=179.3
2025-03-07 01:29:42 WARNING Disk usage above 90% response_time=3600.7
2025-03-10 07:31:37 INFO Request processed successfully response_time=833.9
2025-03-07 13:10:32 INFO Cache refreshed response_time=269.5
2025-03-11 11:50:19 INFO Cache refreshed response_time=703.3
2025-03-06 11:40:42 INFO Database query completed response_time=895.2
2025-03-09 20:38:02 INFO User login successful response_time=907.8
2025-03-05 20:50:46 INFO Cache refreshed response_time=359.1
2025-03-05 18:30:54 ERROR Out of memory error response_time=13637.7
2025-03-11 08:36:09 INFO Request processed successfully response_time=372.9
2025-03-06 10:13:06 INFO Data backup completed response_time=691.7
2025-03-06 10:54:12 INFO User login successful response_time=752.0
2025-03-08 14:45:15 INFO Data backup completed response_time=563.3
2025-03-06 05:19:02 INFO Request processed successfully response_time=198.1
2025-03-08 02:23:03 INFO Data backup completed response_time=586.7
2025-03-12 10:43:40 ERROR Database connection failed response_time=12785.9
2025-03-10 04:27:40 INFO Cache refreshed response_time=195.4
2025-03-11 19:47:37 INFO User login successful response_time=267.4
2025-03-12 04:19:53 INFO User login successful response_time=118.3
2025-03-05 21:08:40 INFO User login successful response_time=121.7
2025-03-08 15:27:53 INFO Request processed successfully response_time=576.1
2025-03-11 21:14:30 INFO Request processed successfully response_time=104.8
2025-03-12 01:59:52 INFO Cache refreshed response_time=710.1
2025-03-07 02:25:14 WARNING Memory usage above 80% response_time=1875.4
2025-03-09 06:36:32 ERROR Out of memory error response_time=10799.6
2025-03-08 13:17:49 INFO Cache refreshed response_time=607.8
2025-03-11 17:23:27 INFO Data backup completed response_time=459.4
2025-03-12 05:27:49 INFO Data backup completed response_time=369.7
2025-03-11 07:17:05 WARNING Memory usage above 80% response_time=3824.3
2025-03-11 00:01:21 WARNING Slow database response response_time=4714.3
2025-03-11 08:28:20 WARNING High CPU usage detected response_time=3426.8
2025-03-06 06:12:31 INFO User login successful response_time=343.8
2025-03-11 22:45:26 INFO User login successful response_time=516.3
2025-03-07 11:41:38 INFO User login successful response_time=484.3
2025-03-07 10:02:50 ERROR Out of memory error response_time=6556.6
2025-03-06 20:33:59 INFO Database query completed response_time=290.7
2025-03-10 05:16:14 WARNING Slow database response response_time=2903.7
2025-03-08 10:19:36 INFO Cache refreshed response_time=109.7
2025-03-05 14:20:27 INFO User login successful response_time=410.6
2025-03-05 15:11:21 INFO Database query completed response_time=614.3
2025-03-06 03:20:06 ERROR File system error response_time=11569.9
2025-03-09 10:05:31 INFO Request processed successfully response_time=966.7
2025-03-06 22:28:10 WARNING Memory usage above 80% response_time=4307.4
2025-03-08 10:46:42 WARNING Slow database response response_time=1737.3
2025-03-05 19:05:49 INFO User login successful response_time=111.7
2025-03-09 00:31:01 INFO Database query completed response_time=207.3
2025-03-09 12:14:25 WARNING High CPU usage detected response_time=4850.6
2025-03-07 21:40:18 INFO Database query completed response_time=167.5
2025-03-06 23:04:32 WARNING Memory usage above 80% response_time=4961.9
2025-03-07 17:02:08 INFO User login successful response_time=364.1
2025-03-11 17:19:45 ERROR Out of memory error response_time=12105.8
2025-03-12 11:19:21 INFO Database query completed response_time=228.7
2025-03-05 21:45:47 WARNING High CPU usage detected response_time=1295.5
2025-03-11 16:27:14 INFO Request processed successfully response_time=575.2
2025-03-11 14:34:38 INFO Database query completed response_time=67.9
2025-03-11 19:09:21 INFO Request processed successfully response_time=75.0
2025-03-08 18:40:32 INFO Request processed successfully response_time=261.0
2025-03-05 19:23:36 INFO Cache refreshed response_time=705.4
2025-03-08 12:01:36 INFO Database query completed response_time=676.0
2025-03-07 20:31:25 INFO Request processed successfully response_time=329.1
2025-03-08 05:52:47 WARNING Memory usage above 80% response_time=3527.9
2025-03-11 08:19:21 WARNING High CPU usage detected response_time=2613.5
2025-03-10 23:25:11 INFO User login successful response_time=85.8
2025-03-09 16:11:00 INFO Database query completed response_time=133.8
2025-03-08 21:04:47 INFO Cache refreshed response_time=793.7
2025-03-08 05:59:29 ERROR Out of memory error response_time=14417.7
2025-03-05 18:16:02 ERROR API endpoint timeout response_time=8056.2
2025-03-09 14:46:30 INFO Data backup completed response_time=461.2
2025-03-06 07:57:25 INFO Data backup completed response_time=643.8
2025-03-08 15:31:37 INFO Data backup completed response_time=674.2
2025-03-08 14:34:16 INFO Data backup completed response_time=594.5
2025-03-06 23:25:26 INFO User login successful response_time=955.4
2025-03-07 20:19:32 INFO Request processed successfully response_time=570.8
2025-03-12 01:44:32 INFO Cache refreshed response_time=62.5
2025-03-10 04:45:28 ERROR File system error response_time=11991.7
2025-03-09 03:38:49 INFO Database query completed response_time=243.9
2025-03-09 11:59:35 INFO Cache refreshed response_time=85.6
2025-03-10 10:42:29 ERROR Database connection failed response_time=13184.8
2025-03-07 06:01:57 ERROR Authentication failed response_time=7015.1
2025-03-10 06:51:05 ERROR Out of memory error response_time=13916.3
2025-03-08 02:49:13 INFO Data backup completed response_time=68.3
2025-03-08 07:02:20 WARNING Cache miss rate increasing response_time=3606.9
2025-03-05 23:52:38 WARNING Slow database response response_time=4174.0
2025-03-08 00:07:52 INFO Request processed successfully response_time=63.8
2025-03-10 09:34:43 INFO Data backup completed response_time=785.5
2025-03-12 12:19:34 INFO Cache refreshed response_time=242.9
2025-03-12 00:46:40 INFO Cache refreshed response_time=740.9
2025-03-08 06:05:49 INFO Data backup completed response_time=838.4
2025-03-11 21:20:42 INFO Database query completed response_time=244.8
2025-03-10 05:56:42 INFO Cache refreshed response_time=406.7
2025-03-09 09:40:57 WARNING Disk usage above 90% response_time=1887.8
2025-03-06 22:14:36 INFO Request processed successfully response_time=675.6
2025-03-11 12:13:41 INFO Data backup completed response_time=260.3
2025-03-05 14:18:39 WARNING Cache miss rate increasing response_time=4783.1
2025-03-11 04:11:26 INFO Database query completed response_time=56.2
2025-03-07 13:55:17 WARNING Disk usage above 90% response_time=2361.2
2025-03-11 22:32:36 INFO Database query completed response_time=488.7
2025-03-07 01:45:30 WARNING High CPU usage detected response_time=1811.7
2025-03-06 01:27:56 WARNING Cache miss rate increasing response_time=2855.7
2025-03-06 13:44:30 WARNING Memory usage above 80% response_time=4354.9
2025-03-08 13:58:34 INFO User login successful response_time=687.3
2025-03-10 17:40:08 INFO Data backup completed response_time=431.8
2025-03-08 23:55:20 INFO Database query completed response_time=125.5
2025-03-12 12:45:32 INFO Request processed successfully response_time=639.0
2025-03-12 00:28:53 INFO Cache refreshed response_time=780.9
2025-03-11 02:19:33 INFO Data backup completed response_time=991.5
2025-03-08 06:26:21 INFO Request processed successfully response_time=297.0
2025-03-12 09:56:23 INFO User login successful response_time=623.1
2025-03-11 12:31:31 INFO Database query completed response_time=579.0
2025-03-09 14:22:16 ERROR Out of memory error response_time=12024.7
2025-03-11 18:27:14 INFO Cache refreshed response_time=925.5
2025-03-09 19:07:59 INFO Data backup completed response_time=302.4
2025-03-09 05:30:07 WARNING Memory usage above 80% response_time=1937.6
2025-03-07 17:38:17 INFO Data backup completed response_time=888.2
2025-03-11 18:54:52 INFO Cache refreshed response_time=251.4
2025-03-10 14:18:26 INFO User login successful response_time=618.8
2025-03-10 10:32:54 INFO Database query completed response_time=319.4
2025-03-10 21:12:55 INFO Request processed successfully response_time=648.1
2025-03-07 18:15:56 INFO Cache refreshed response_time=374.2
2025-03-11 20:30:34 INFO Database query completed response_time=626.7
2025-03-09 23:57:17 INFO Request processed successfully response_time=526.4
2025-03-10 04:54:39 INFO Database query completed response_time=473.3
2025-03-06 13:22:54 INFO User login successful response_time=513.5
2025-03-06 17:21:46 WARNING High CPU usage detected response_time=2801.9
2025-03-06 04:02:21 INFO Database query completed response_time=833.8
2025-03-07 12:23:14 INFO Data backup completed response_time=316.4
2025-03-07 16:01:11 INFO Cache refreshed response_time=243.5
2025-03-05 19:51:01 INFO Request processed successfully response_time=415.9
2025-03-05 22:29:46 INFO Request processed successfully response_time=575.4
2025-03-11 17:20:27 INFO User login successful response_time=836.8
2025-03-08 04:21:40 ERROR Database connection failed response_time=8466.5
2025-03-12 03:19:14 INFO Cache refreshed response_time=210.1
2025-03-06 20:44:26 ERROR Database connection failed response_time=10304.0
2025-03-11 23:01:16 INFO Database query completed response_time=238.8
2025-03-10 03:55:07 INFO Data backup completed response_time=584.3
2025-03-08 14:57:59 WARNING Memory usage above 80% response_time=4538.9
2025-03-11 23:30:37 INFO Data backup completed response_time=912.3
2025-03-06 06:18:28 INFO User login successful response_time=160.3
2025-03-06 13:44:43 INFO User login successful response_time=287.9
2025-03-08 03:25:59 INFO Data backup completed response_time=880.9
2025-03-07 14:44:28 ERROR Database connection failed response_time=8048.7
2025-03-09 23:47:26 INFO Database query completed response_time=909.9
2025-03-06 16:02:35 INFO Request processed successfully response_time=350.9
2025-03-10 03:39:47 WARNING High CPU usage detected response_time=3971.7
2025-03-08 01:54:57 INFO Request processed successfully response_time=527.4
2025-03-10 07:51:02 INFO Request processed successfully response_time=584.1
2025-03-09 00:07:20 INFO User login successful response_time=278.6
2025-03-06 04:14:52 INFO Data backup completed response_time=942.3
2025-03-05 23:08:19 WARNING Cache miss rate increasing response_time=2499.9
2025-03-08 13:20:15 WARNING Memory usage above 80% response_time=2530.1
2025-03-06 10:03:06 ERROR Database connection failed response_time=10559.0
2025-03-10 09:13:56 INFO User login successful response_time=409.8
2025-03-11 01:00:41 INFO Request processed successfully response_time=790.1
2025-03-08 02:26:00 INFO Request processed successfully response_time=666.1
2025-03-10 22:08:12 WARNING Memory usage above 80% response_time=1424.8
2025-03-09 03:06:35 INFO User login successful response_time=735.3
2025-03-08 04:37:59 WARNING Cache miss rate increasing response_time=2290.6
2025-03-11 15:03:16 INFO Request processed successfully response_time=426.9
2025-03-07 16:38:41 INFO Data backup completed response_time=960.2
2025-03-10 16:37:11 INFO Data backup completed response_time=595.4
2025-03-11 16:10:04 INFO Request processed successfully response_time=887.4
2025-03-06 23:47:21 INFO Request processed successfully response_time=660.1
2025-03-07 07:18:30 INFO User login successful response_time=779.6
2025-03-12 05:32:24 INFO Data backup completed response_time=704.9
2025-03-11 23:23:05 INFO Request processed successfully response_time=595.2
2025-03-05 17:08:04 INFO Cache refreshed response_time=219.0
2025-03-09 23:11:08 INFO User login successful response_time=355.3
2025-03-07 04:47:39 WARNING Cache miss rate increasing response_time=3150.0
2025-03-07 03:38:03 INFO Data backup completed response_time=915.3
2025-03-07 12:31:01 INFO Request processed successfully response_time=842.0
2025-03-06 20:48:11 INFO Request processed successfully response_time=661.8
2025-03-08 21:36:25 WARNING High CPU usage detected response_time=4980.7
2025-03-11 00:07:53 INFO Database query completed response_time=683.3
2025-03-09 13:13:06 INFO User login successful response_time=455.5
2025-03-08 23:22:15 INFO Data backup completed response_time=627.7
2025-03-09 17:41:24 WARNING Cache miss rate increasing response_time=1518.2
2025-03-08 22:10:14 INFO Data backup completed response_time=330.5
2025-03-09 02:29:22 INFO Data backup completed response_time=942.3
2025-03-07 23:03:58 INFO User login successful response_time=695.7
2025-03-08 11:19:09 INFO Cache refreshed response_time=820.8
2025-03-10 14:38:40 INFO Database query completed response_time=813.4
2025-03-05 16:25:23 INFO Database query completed response_time=616.2
2025-03-06 21:26:57 INFO Cache refreshed response_time=590.5
2025-03-10 18:30:07 INFO Cache refreshed response_time=323.5
2025-03-11 17:18:07 INFO Data backup completed response_time=744.0
2025-03-12 04:23:40 WARNING Disk usage above 90% response_time=3358.2
2025-03-08 06:23:14 ERROR Database connection failed response_time=5490.8
2025-03-11 15:10:47 INFO Request processed successfully response_time=141.9
2025-03-12 07:08:38 INFO Data backup completed response_time=414.0
2025-03-05 15:22:07 ERROR Authentication failed response_time=12586.1
2025-03-09 04:41:02 INFO Database query completed response_time=926.4
2025-03-05 19:08:18 INFO Database query completed response_time=708.4
2025-03-11 15:54:35 INFO Cache refreshed response_time=209.9
2025-03-06 18:32:49 INFO Request processed successfully response_time=397.9
2025-03-08 01:03:28 INFO User login successful response_time=220.1
2025-03-09 03:55:34 WARNING Cache miss rate increasing response_time=1637.2
2025-03-09 17:18:49 WARNING High CPU usage detected response_time=1892.3
2025-03-10 16:45:21 INFO Data backup completed response_time=852.6
2025-03-07 03:56:26 INFO User login successful response_time=474.5
2025-03-08 22:32:58 INFO Database query completed response_time=242.8
2025-03-06 02:30:24 INFO Database query completed response_time=418.9
2025-03-10 18:49:16 WARNING Cache miss rate increasing response_time=3866.1
2025-03-08 00:16:42 ERROR Out of memory error response_time=8413.3
2025-03-11 19:46:22 WARNING Disk usage above 90% response_time=1833.2
2025-03-08 20:39:33 INFO Data backup completed response_time=447.5
2025-03-05 21:30:52 INFO Cache refreshed response_time=92.4
2025-03-05 22:43:14 WARNING Slow database response response_time=4666.3
2025-03-12 10:54:48 INFO Database query completed response_time=335.4
2025-03-09 10:09:39 INFO Request processed successfully response_time=756.3
2025-03-08 04:18:42 INFO Cache refreshed response_time=802.0
2025-03-09 16:30:51 INFO Cache refreshed response_time=407.0
2025-03-11 14:31:59 INFO Database query completed response_time=911.2
2025-03-12 07:30:55 INFO Database query completed response_time=103.8
2025-03-07 03:50:35 WARNING Cache miss rate increasing response_time=2436.8
2025-03-08 21:47:08 INFO User login successful response_time=658.7
2025-03-09 05:57:42 INFO Cache refreshed response_time=979.4
2025-03-12 00:49:01 WARNING Memory usage above 80% response_time=2366.6
2025-03-10 00:07:06 INFO Cache refreshed response_time=462.9
2025-03-11 12:52:24 INFO User login successful response_time=169.5
2025-03-09 23:50:59 INFO Data backup completed response_time=392.3
2025-03-12 02:33:41 INFO Cache refreshed response_time=916.6
2025-03-05 18:20:41 INFO Request processed successfully response_time=493.2
2025-03-10 23:59:26 INFO Data backup completed response_time=998.1
2025-03-06 18:27:40 WARNING Memory usage above 80% response_time=2808.7
2025-03-11 15:40:37 WARNING Disk usage above 90% response_time=3175.8
2025-03-09 01:10:09 WARNING High CPU usage detected response_time=2704.2
2025-03-06 03:11:02 INFO User login successful response_time=207.0
2025-03-12 05:33:26 ERROR API endpoint timeout response_time=5090.4
2025-03-10 02:05:07 INFO Cache refreshed response_time=873.9
2025-03-09 05:21:23 INFO Database query completed response_time=324.8
2025-03-05 21:57:31 INFO Data backup completed response_time=86.5
2025-03-11 05:07:21 INFO Request processed successfully response_time=368.4
2025-03-08 20:40:07 INFO Request processed successfully response_time=94.7
2025-03-06 21:02:16 ERROR API endpoint timeout response_time=11506.4
2025-03-10 00:13:05 WARNING High CPU usage detected response_time=1666.7
2025-03-11 15:41:35 INFO Data backup completed response_time=797.2
2025-03-10 19:33:33 INFO Database query completed response_time=978.1
2025-03-08 18:03:31 INFO Database query completed response_time=506.8
2025-03-12 10:19:40 INFO Cache refreshed response_time=359.2
2025-03-11 03:29:42 WARNING Disk usage above 90% response_time=3210.5
2025-03-10 00:47:24 INFO Data backup completed response_time=148.4
2025-03-08 17:45:09 INFO Request processed successfully response_time=216.9
2025-03-09 08:16:03 INFO Data backup completed response_time=350.9
2025-03-12 05:42:33 INFO User login successful response_time=443.0
2025-03-05 20:55:54 WARNING Cache miss rate increasing response_time=1514.7
2025-03-07 07:18:28 INFO User login successful response_time=70.3
2025-03-06 15:47:31 ERROR File system error response_time=14949.7
2025-03-08 13:29:00 INFO Database query completed response_time=964.9
2025-03-07 07:47:58 WARNING Cache miss rate increasing response_time=1783.4
2025-03-12 00:33:54 INFO User login successful response_time=667.0
2025-03-12 04:38:02 WARNING Disk usage above 90% response_time=3430.4
2025-03-11 03:18:43 INFO Data backup completed response_time=555.7
2025-03-07 02:57:28 INFO Database query completed response_time=389.4
2025-03-10 08:43:14 INFO User login successful response_time=379.6
2025-03-08 14:12:29 WARNING Memory usage above 80% response_time=3554.3
2025-03-06 22:56:44 INFO Data backup completed response_time=816.6
2025-03-11 09:38:03 INFO User login successful response_time=99.1
2025-03-06 17:45:41 WARNING Slow database response response_time=3025.0
2025-03-05 13:46:49 INFO Data backup completed response_time=999.0
2025-03-07 18:07:21 WARNING Memory usage above 80% response_time=1129.4
2025-03-06 12:14:30 INFO User login successful response_time=871.0
2025-03-11 11:41:24 WARNING High CPU usage detected response_time=4317.1
2025-03-09 03:01:44 WARNING Cache miss rate increasing response_time=4777.4
2025-03-12 05:09:11 WARNING High CPU usage detected response_time=2768.7
2025-03-11 04:11:02 INFO Request processed successfully response_time=228.9
2025-03-08 19:18:59 INFO User login successful response_time=244.9
2025-03-10 05:09:36 INFO Data backup completed response_time=161.2
2025-03-11 00:24:01 INFO Cache refreshed response_time=827.1
2025-03-10 19:45:26 WARNING Cache miss rate increasing response_time=2348.9
2025-03-06 11:03:03 WARNING Memory usage above 80% response_time=2579.0
2025-03-09 15:27:25 INFO Request processed successfully response_time=704.0
2025-03-07 17:31:25 INFO Database query completed response_time=536.9
2025-03-07 23:33:10 WARNING High CPU usage detected response_time=4562.5
2025-03-11 05:08:27 INFO Data backup completed response_time=907.4
2025-03-08 13:51:00 ERROR Database connection failed response_time=9931.5
2025-03-09 20:23:53 WARNING Memory usage above 80% response_time=2473.1
2025-03-08 20:29:59 WARNING Disk usage above 90% response_time=2064.5
2025-03-08 17:39:21 WARNING Memory usage above 80% response_time=1436.1
2025-03-08 09:42:09 INFO Data backup completed response_time=628.7
2025-03-08 23:46:36 INFO Data backup completed response_time=302.7
2025-03-08 15:56:20 INFO Database query completed response_time=115.7
2025-03-09 20:08:50 INFO Data backup completed response_time=629.6
2025-03-06 22:54:19 INFO Database query completed response_time=325.4
2025-03-10 21:11:48 INFO Database query completed response_time=937.3
2025-03-06 00:47:42 INFO User login successful response_time=57.9
2025-03-10 13:05:45 WARNING High CPU usage detected response_time=3501.5
2025-03-10 23:24:01 INFO Cache refreshed response_time=379.1
2025-03-06 15:48:26 INFO Cache refreshed response_time=881.9
2025-03-07 23:17:53 WARNING Disk usage above 90% response_time=2166.2
2025-03-11 12:29:50 INFO Request processed successfully response_time=293.2
2025-03-09 19:20:31 WARNING Cache miss rate increasing response_time=1328.5
2025-03-08 18:43:16 INFO Cache refreshed response_time=599.6
2025-03-06 05:15:35 WARNING Disk usage above 90% response_time=1503.6
2025-03-08 18:03:21 INFO Request processed successfully response_time=488.8
2025-03-07 04:04:06 WARNING High CPU usage detected response_time=3418.9
2025-03-12 06:38:36 WARNING Cache miss rate increasing response_time=3695.5
2025-03-07 16:47:28 INFO Database query completed response_time=823.5
2025-03-10 13:37:09 WARNING Cache miss rate increasing response_time=2491.3
2025-03-09 21:45:26 WARNING Disk usage above 90% response_time=3501.0
2025-03-07 20:39:33 INFO Data backup completed response_time=359.1
2025-03-07 09:51:34 INFO Cache refreshed response_time=864.2
2025-03-08 04:12:24 INFO Cache refreshed response_time=833.4
2025-03-07 10:45:06 INFO User login successful response_time=862.9
2025-03-09 19:11:38 INFO Cache refreshed response_time=370.7
2025-03-11 13:16:31 INFO Data backup completed response_time=515.2
2025-03-11 02:21:31 INFO Request processed successfully response_time=626.8
2025-03-10 07:38:57 ERROR Authentication failed response_time=6520.5
2025-03-10 02:30:22 WARNING Disk usage above 90% response_time=2595.5
2025-03-11 07:51:14 ERROR API endpoint timeout response_time=5198.3
2025-03-08 23:37:56 INFO User login successful response_time=886.0
2025-03-06 22:50:46 WARNING Slow database response response_time=1978.6
2025-03-08 08:38:05 INFO Data backup completed response_time=88.7
2025-03-07 21:26:44 ERROR API endpoint timeout response_time=11504.4
2025-03-09 01:26:10 INFO Request processed successfully response_time=646.6
2025-03-11 01:39:24 INFO User login successful response_time=75.0
2025-03-06 14:09:02 WARNING High CPU usage detected response_time=1364.8
2025-03-10 22:46:34 INFO Cache refreshed response_time=271.0
2025-03-06 03:07:53 INFO Request processed successfully response_time=725.3
2025-03-08 13:02:18 INFO User login successful response_time=73.0
2025-03-09 01:45:03 INFO Cache refreshed response_time=252.7
2025-03-05 14:10:37 INFO Data backup completed response_time=718.0
2025-03-06 00:10:08 WARNING Slow database response response_time=3924.5
2025-03-12 05:31:48 INFO Database query completed response_time=269.5
2025-03-10 23:02:34 INFO Database query completed response_time=355.2
2025-03-09 17:23:11 INFO Cache refreshed response_time=205.0
2025-03-10 12:52:15 INFO Cache refreshed response_time=817.2
2025-03-12 03:04:49 INFO Data backup completed response_time=795.8
2025-03-11 18:14:05 ERROR API endpoint timeout response_time=11248.8
2025-03-05 20:51:54 WARNING High CPU usage detected response_time=3735.0
2025-03-07 02:34:50 INFO Data backup completed response_time=645.3
2025-03-06 11:11:25 INFO Request processed successfully response_time=443.5
2025-03-09 18:45:07 WARNING Disk usage above 90% response_time=1718.5
2025-03-12 02:23:10 INFO Cache refreshed response_time=199.8
2025-03-11 15:15:35 INFO Database query completed response_time=216.0
2025-03-07 11:18:47 WARNING Cache miss rate increasing response_time=2085.2
2025-03-12 03:56:34 INFO Cache refreshed response_time=683.4
2025-03-10 03:48:29 INFO User login successful response_time=818.9
2025-03-09 19:34:37 INFO Request processed successfully response_time=398.1
2025-03-07 08:29:58 INFO User login successful response_time=720.6
2025-03-05 21:47:24 INFO Cache refreshed response_time=362.3
2025-03-06 03:09:45 INFO Request processed successfully response_time=938.4
