2025-03-11 20:19:01 WARNING Memory usage above 80% response_time=3958.0
2025-03-11 19:54:29 ERROR Out of memory error response_time=10277.8
2025-03-11 17:52:46 WARNING Slow database response response_time=4338.2
2025-03-08 00:19:36 INFO Database query completed response_time=866.4
2025-03-07 19:29:17 WARNING Disk usage above 90% response_time=1131.5
2025-03-06 20:56:00 INFO Data backup completed response_time=56.4
2025-03-11 23:24:37 INFO User login successful response_time=724.2
2025-03-05 17:46:43 INFO User login successful response_time=59.7
2025-03-06 08:32:24 WARNING High CPU usage detected response_time=4613.1
2025-03-05 15:11:43 WARNING Disk usage above 90% response_time=3302.0
2025-03-09 04:21:27 INFO User login successful response_time=418.5
2025-03-11 23:02:33 INFO User login successful response_time=676.2
2025-03-07 23:36:04 INFO Data backup completed response_time=801.7
2025-03-10 05:20:05 ERROR Out of memory error response_time=7903.4
2025-03-10 21:08:55 ERROR Database connection failed response_time=8360.2
2025-03-09 15:40:22 WARNING Slow database response response_time=2621.7
2025-03-06 00:14:51 INFO Data backup completed response_time=129.7
2025-03-10 04:39:45 INFO Data backup completed response_time=469.7
2025-03-10 16:02:16 INFO Database query completed response_time=176.1
2025-03-12 12:20:34 INFO Cache refreshed response_time=68.7
2025-03-11 04:26:03 INFO User login successful response_time=415.9
2025-03-07 17:34:21 INFO Database query completed response_time=765.2
2025-03-12 03:04:11 WARNING Memory usage above 80% response_time=4176.6
2025-03-10 03:53:14 INFO Request processed successfully response_time=114.4
2025-03-11 02:55:14 INFO Database query completed response_time=591.2
2025-03-08 11:45:35 INFO Data backup completed response_time=852.3
2025-03-07 12:31:33 INFO Database query completed response_time=650.1
2025-03-11 05:31:37 INFO Data backup completed response_time=229.7
2025-03-07 21:25:04 INFO User login successful response_time=500.2
2025-03-07 22:48:53 WARNING Memory usage above 80% response_time=4299.0
2025-03-11 04:50:14 WARNING High CPU usage detected response_time=3693.5
2025-03-10 18:02:41 ERROR File system error response_time=9655.7
2025-03-08 12:31:34 INFO Cache refreshed response_time=834.4
2025-03-12 10:41:52 INFO Request processed successfully response_time=341.5
2025-03-06 18:30:15 ERROR File system error response_time=13327.4
2025-03-06 08:56:08 INFO Data backup completed response_time=891.0
2025-03-05 19:51:44 INFO Request processed successfully response_time=255.0
2025-03-06 19:12:46 WARNING Disk usage above 90% response_time=4800.6
2025-03-06 06:19:08 INFO Database query completed response_time=610.6
2025-03-06 22:34:28 WARNING Memory usage above 80% response_time=1258.5
2025-03-07 03:13:23 WARNING Memory usage above 80% response_time=4985.3
2025-03-09 21:04:17 INFO User login successful response_time=701.4
2025-03-10 08:34:33 INFO Data backup completed response_time=765.1
2025-03-10 18:54:49 INFO Request processed successfully response_time=499.8
2025-03-10 03:41:44 INFO Database query completed response_time=108.9
2025-03-06 04:21:26 WARNING High CPU usage detected response_time=1902.4
2025-03-12 08:07:40 INFO Request processed successfully response_time=480.4
2025-03-09 14:36:37 ERROR API endpoint timeout response_time=8000.7
2025-03-11 05:11:14 INFO Database query completed response_time=532.7
2025-03-11 14:56:08 INFO Database query completed response_time=946.5
2025-03-07 08:23:02 WARNING Slow database response response_time=1115.5
2025-03-09 21:20:23 INFO Request processed successfully response_time=775.4
2025-03-08 15:12:37 INFO Database query completed response_time=609.1
2025-03-10 01:45:59 INFO User login successful response_time=965.4
2025-03-07 23:55:33 INFO User login successful response_time=57.6
2025-03-07 20:44:58 INFO User login successful response_time=464.7
2025-03-06 06:23:48 ERROR Database connection failed response_time=9786.9
2025-03-07 07:48:54 WARNING Slow database response response_time=1200.7
2025-03-06 20:46:53 INFO Data backup completed response_time=330.1
2025-03-11 19:49:34 INFO User login successful response_time=330.1
2025-03-07 18:38:27 ERROR File system error response_time=6836.2
2025-03-10 19:50:29 WARNING Slow database response response_time=3910.4
2025-03-06 03:34:17 ERROR Database connection failed response_time=14360.3
2025-03-09 07:42:39 INFO Database query completed response_time=266.8
2025-03-11 00:59:05 INFO User login successful response_time=180.9
2025-03-06 05:55:15 INFO Database query completed response_time=208.3
2025-03-10 21:10:26 INFO Data backup completed response_time=305.9
2025-03-09 02:10:34 INFO Database query completed response_time=901.9
2025-03-07 21:58:56 INFO User login successful response_time=358.9
2025-03-10 02:07:50 INFO Database query completed response_time=782.0
2025-03-10 17:37:54 WARNING Cache miss rate increasing response_time=1116.2
2025-03-09 18:48:57 INFO User login successful response_time=138.1
2025-03-08 04:36:10 ERROR Authentication failed response_time=14624.5
2025-03-09 20:31:46 INFO Data backup completed response_time=724.4
2025-03-05 17:15:44 INFO User login successful response_time=64.9
2025-03-06 16:58:36 INFO User login successful response_time=498.4
2025-03-08 23:17:48 INFO Database query completed response_time=597.1
2025-03-08 02:55:36 INFO User login successful response_time=640.2
2025-03-08 19:58:03 INFO Cache refreshed response_time=204.7
2025-03-11 06:29:41 INFO Cache refreshed response_time=690.1
2025-03-08 22:21:22 ERROR Database connection failed response_time=13514.7
2025-03-07 01:33:31 INFO Cache refreshed response_time=623.5
2025-03-10 03:49:44 INFO Cache refreshed response_time=703.8
2025-03-11 10:37:04 WARNING Slow database response response_time=1615.6
2025-03-10 22:25:32 WARNING Memory usage above 80% response_time=2101.0
2025-03-11 16:29:53 WARNING Disk usage above 90% response_time=4234.6
2025-03-08 18:23:13 INFO Data backup completed response_time=161.9
2025-03-08 17:11:03 INFO Database query completed response_time=308.2
2025-03-06 07:26:26 WARNING Slow database response response_time=1547.1
2025-03-11 17:46:23 INFO Request processed successfully response_time=802.5
2025-03-06 04:00:42 INFO Request processed successfully response_time=310.8
2025-03-10 10:29:40 WARNING Slow database response response_time=3714.6
2025-03-08 02:42:41 INFO Cache refreshed response_time=542.3
2025-03-12 00:56:57 INFO Data backup completed response_time=168.8
2025-03-07 17:42:58 INFO Database query completed response_time=833.7
2025-03-10 10:12:08 INFO Data backup completed response_time=307.7
2025-03-08 15:25:04 INFO Request processed successfully response_time=744.5
2025-03-10 05:58:38 INFO Data backup completed response_time=98.5
2025-03-11 03:59:17 INFO Data backup completed response_time=148.4
2025-03-12 12:17:47 INFO Request processed successfully response_time=764.6
2025-03-08 15:22:27 INFO Data backup completed response_time=504.3
2025-03-09 19:22:41 ERROR Authentication failed response_time=8230.9
2025-03-07 15:22:15 WARNING Cache miss rate increasing response_time=4837.8
2025-03-07 12:49:03 INFO Cache refreshed response_time=222.9
2025-03-09 23:02:53 INFO Database query completed response_time=406.7
2025-03-09 07:39:08 INFO Cache refreshed response_time=119.9
2025-03-10 02:00:55 ERROR Database connection failed response_time=14827.6
2025-03-10 22:28:43 INFO Request processed successfully response_time=445.2
2025-03-10 09:13:55 INFO User login successful response_time=967.3
2025-03-09 23:45:05 WARNING Cache miss rate increasing response_time=1047.9
2025-03-08 17:24:29 INFO Data backup completed response_time=95.5
2025-03-07 21:08:05 INFO Cache refreshed response_time=629.8
2025-03-08 06:00:43 INFO Cache refreshed response_time=613.0
2025-03-06 21:12:11 WARNING High CPU usage detected response_time=3064.9
2025-03-11 12:49:30 INFO Cache refreshed response_time=184.6
2025-03-10 08:51:27 INFO Data backup completed response_time=325.0
2025-03-06 08:57:02 INFO Database query completed response_time=357.7
2025-03-08 11:08:22 ERROR API endpoint timeout response_time=10631.3
2025-03-07 12:42:35 INFO Request processed successfully response_time=142.7
2025-03-10 21:33:58 INFO Data backup completed response_time=203.7
2025-03-06 10:48:35 INFO User login successful response_time=739.0
2025-03-08 00:45:06 INFO Database query completed response_time=130.2
2025-03-11 16:50:02 INFO Data backup completed response_time=954.7
2025-03-08 11:40:12 INFO User login successful response_time=673.2
2025-03-12 08:19:03 INFO Request processed successfully response_time=981.4
2025-03-12 07:13:12 WARNING Memory usage above 80% response_time=1003.8
2025-03-07 05:55:36 ERROR Database connection failed response_time=13229.2
2025-03-07 10:47:58 INFO Data backup completed response_time=601.4
2025-03-12 04:17:33 INFO Data backup completed response_time=295.3
2025-03-08 05:03:57 ERROR Out of memory error response_time=9782.1
2025-03-08 23:25:57 INFO Cache refreshed response_time=956.4
2025-03-10 18:27:16 INFO Request processed successfully response_time=981.7
2025-03-08 10:21:04 ERROR Authentication failed response_time=7735.4
2025-03-05 19:25:49 WARNING Cache miss rate increasing response_time=3283.2
2025-03-09 08:18:03 INFO Request processed successfully response_time=278.1
2025-03-10 14:13:51 WARNING Disk usage above 90% response_time=2131.2
2025-03-07 13:52:11 ERROR Database connection failed response_time=9682.2
2025-03-05 21:43:26 INFO Data backup completed response_time=72.2
2025-03-08 18:51:38 INFO User login successful response_time=989.6
2025-03-10 20:55:59 INFO Data backup completed response_time=407.4
2025-03-10 03:51:14 INFO Request processed successfully response_time=776.0
2025-03-11 19:36:28 INFO Data backup completed response_time=856.2
2025-03-07 02:30:56 WARNING Disk usage above 90% response_time=1981.1
2025-03-06 06:52:46 WARNING High CPU usage detected response_time=1397.0
2025-03-10 12:59:39 INFO Request processed successfully response_time=198.9
2025-03-05 22:52:45 WARNING Cache miss rate increasing response_time=4815.0
2025-03-11 06:59:11 WARNING Cache miss rate increasing response_time=1250.9
2025-03-05 13:49:53 WARNING Memory usage above 80% response_time=3501.9
2025-03-05 12:59:23 INFO Request processed successfully response_time=488.5
2025-03-07 01:27:10 INFO User login successful response_time=615.9
2025-03-10 00:05:17 INFO Cache refreshed response_time=563.0
2025-03-06 12:51:34 INFO User login successful response_time=299.2
2025-03-11 00:02:14 INFO User login successful response_time=572.0
2025-03-11 17:01:53 INFO Data backup completed response_time=924.1
2025-03-11 00:43:46 WARNING Slow database response response_time=1388.1
2025-03-05 16:04:54 INFO Cache refreshed response_time=758.8
2025-03-08 13:36:07 INFO Data backup completed response_time=549.0
2025-03-06 18:03:14 WARNING Disk usage above 90% response_time=1470.8
2025-03-06 04:39:09 INFO Request processed successfully response_time=725.6
2025-03-06 03:06:24 INFO Cache refreshed response_time=331.9
2025-03-07 11:01:06 INFO Database query completed response_time=262.3
2025-03-11 22:33:25 WARNING Disk usage above 90% response_time=1534.0
2025-03-07 05:07:13 INFO Database query completed response_time=202.5
2025-03-06 11:12:39 INFO Request processed successfully response_time=945.3
2025-03-07 18:22:05 INFO Data backup completed response_time=832.6
2025-03-07 05:11:11 WARNING Cache miss rate increasing response_time=3059.5
2025-03-09 15:14:13 INFO Cache refreshed response_time=560.7
2025-03-12 03:41:57 INFO Request processed successfully response_time=237.8
2025-03-10 15:54:18 INFO Request processed successfully response_time=673.8
2025-03-10 16:58:02 INFO Cache refreshed response_time=610.1
2025-03-08 04:16:57 INFO Database query completed response_time=828.6
2025-03-11 21:22:35 INFO Database query completed response_time=938.7
2025-03-10 06:38:47 INFO User login successful response_time=515.3
2025-03-11 04:55:33 INFO User login successful response_time=783.2
2025-03-08 20:00:02 INFO Database query completed response_time=905.6
2025-03-05 15:53:49 WARNING Cache miss rate increasing response_time=4056.3
2025-03-09 06:01:51 ERROR File system error response_time=14940.3
2025-03-09 09:49:05 ERROR Authentication failed response_time=6719.4
2025-03-12 03:02:53 INFO Database query completed response_time=521.9
2025-03-06 10:58:59 ERROR Database connection failed response_time=9464.7
2025-03-10 11:02:32 INFO Cache refreshed response_time=118.9
2025-03-12 08:12:58 INFO Data backup completed response_time=107.6
2025-03-09 10:14:26 INFO Request processed successfully response_time=584.5
2025-03-06 01:36:10 INFO Request processed successfully response_time=939.1
2025-03-09 17:12:43 ERROR File system error response_time=12108.8
2025-03-06 08:39:00 INFO User login successful response_time=299.5
2025-03-08 17:49:54 WARNING Memory usage above 80% response_time=2918.7
2025-03-12 06:55:10 INFO Data backup completed response_time=740.1
2025-03-10 08:43:19 INFO Data backup completed response_time=799.6
2025-03-05 15:34:10 INFO Request processed successfully response_time=490.0
2025-03-09 20:17:43 WARNING Disk usage above 90% response_time=4153.6
2025-03-07 17:31:31 INFO Data backup completed response_time=753.5
2025-03-08 10:59:45 INFO Data backup completed response_time=788.6
2025-03-11 11:05:41 INFO Cache refreshed response_time=263.2
2025-03-06 20:45:17 INFO Data backup completed response_time=97.9
2025-03-09 00:22:34 INFO User login successful response_time=977.3
2025-03-06 16:15:46 WARNING Memory usage above 80% response_time=4103.6
2025-03-07 02:41:08 WARNING Disk usage above 90% response_time=2830.6
2025-03-08 11:29:58 WARNING Disk usage above 90% response_time=1821.0
2025-03-09 03:00:25 WARNING Disk usage above 90% response_time=2056.2
2025-03-06 03:35:13 INFO User login successful response_time=713.8
2025-03-11 18:23:31 INFO Cache refreshed response_time=340.4
2025-03-09 07:57:35 ERROR Authentication failed response_time=12360.3
2025-03-08 13:47:46 INFO Database query completed response_time=488.3
2025-03-10 03:36:47 WARNING Cache miss rate increasing response_time=4032.4
2025-03-05 13:21:56 ERROR Authentication failed response_time=8171.8
2025-03-11 22:13:13 INFO User login successful response_time=391.1
2025-03-09 16:35:04 INFO Database query completed response_time=412.3
2025-03-10 02:59:48 INFO Cache refreshed response_time=433.6
2025-03-06 11:56:27 INFO User login successful response_time=270.8
2025-03-10 18:39:41 INFO Data backup completed response_time=365.8
2025-03-05 18:32:55 ERROR Authentication failed response_time=8742.0
2025-03-05 15:41:07 WARNING Disk usage above 90% response_time=3046.2
2025-03-10 11:35:21 WARNING Slow database response response_time=1697.2
2025-03-08 15:08:05 INFO Database query completed response_time=506.8
2025-03-09 14:20:00 INFO Request processed successfully response_time=568.8
2025-03-08 07:05:42 ERROR File system error response_time=6642.7
2025-03-05 15:17:27 ERROR Database connection failed response_time=11554.7
2025-03-11 01:47:39 INFO Database query completed response_time=293.8
2025-03-11 21:33:36 ERROR Authentication failed response_time=10273.7
2025-03-06 19:21:54 INFO Request processed successfully response_time=202.7
2025-03-10 11:18:00 ERROR File system error response_time=14901.4
2025-03-06 19:12:38 INFO Data backup completed response_time=764.2
2025-03-09 17:17:20 INFO Data backup completed response_time=146.5
2025-03-10 12:37:51 INFO Database query completed response_time=787.3
2025-03-06 00:25:48 WARNING Slow database response response_time=3037.6
2025-03-09 01:50:52 INFO User login successful response_time=181.0
2025-03-07 17:37:11 INFO Data backup completed response_time=323.4
2025-03-08 02:26:04 WARNING Slow database response response_time=2006.6
2025-03-12 10:21:16 INFO User login successful response_time=929.6
2025-03-08 11:46:33 INFO Database query completed response_time=151.7
2025-03-07 16:03:26 WARNING Cache miss rate increasing response_time=3592.1
2025-03-06 11:01:33 INFO User login successful response_time=568.2
2025-03-07 18:47:52 INFO Request processed successfully response_time=953.1
2025-03-08 03:49:02 INFO User login successful response_time=777.4
2025-03-11 16:04:40 ERROR Database connection failed response_time=14682.9
2025-03-08 18:51:19 WARNING Cache miss rate increasing response_time=2018.8
2025-03-06 15:44:06 INFO Cache refreshed response_time=737.9
2025-03-11 16:33:29 ERROR Authentication failed response_time=10689.3
2025-03-09 06:14:24 WARNING High CPU usage detected response_time=1750.2
2025-03-07 19:34:29 INFO Request processed successfully response_time=201.8
2025-03-10 22:01:32 WARNING Cache miss rate increasing response_time=2869.3
2025-03-06 04:55:43 INFO Data backup completed response_time=305.3
2025-03-07 10:40:57 WARNING Slow database response response_time=1679.0
2025-03-05 16:15:40 INFO Request processed successfully response_time=104.9
2025-03-09 09:39:21 INFO User login successful response_time=274.6
2025-03-07 05:51:43 INFO Data backup completed response_time=403.0
2025-03-11 20:49:46 ERROR Authentication failed response_time=14913.5
2025-03-06 17:24:48 INFO Request processed successfully response_time=421.9
2025-03-09 09:22:00 WARNING Cache miss rate increasing response_time=1039.0
2025-03-12 09:28:24 INFO User login successful response_time=786.3
2025-03-05 23:25:12 INFO Data backup completed response_time=979.2
2025-03-11 06:18:25 WARNING Disk usage above 90% response_time=3785.4
2025-03-09 17:31:36 WARNING Memory usage above 80% response_time=1757.1
2025-03-09 16:04:02 INFO User login successful response_time=209.7
2025-03-11 04:47:38 INFO Data backup completed response_time=690.7
2025-03-07 17:58:41 INFO Database query completed response_time=119.5
2025-03-11 21:36:14 WARNING Disk usage above 90% response_time=1265.9
2025-03-08 13:40:07 INFO Cache refreshed response_time=179.2
2025-03-07 12:09:06 INFO User login successful response_time=571.0
2025-03-11 01:57:53 INFO Database query completed response_time=397.0
2025-03-07 19:49:31 INFO Request processed successfully response_time=865.9
2025-03-06 10:23:02 WARNING Disk usage above 90% response_time=3191.1
2025-03-09 11:45:36 INFO Database query completed response_time=467.2
2025-03-10 23:55:20 WARNING Disk usage above 90% response_time=4228.2
2025-03-08 10:48:16 INFO Database query completed response_time=395.0
2025-03-09 15:39:11 INFO Request processed successfully response_time=375.3
2025-03-10 01:23:09 INFO Cache refreshed response_time=995.6
2025-03-09 00:22:54 WARNING Slow database response response_time=2324.8
2025-03-07 05:00:49 WARNING Slow database response response_time=1013.8
2025-03-11 13:14:38 INFO Request processed successfully response_time=202.1
2025-03-11 07:58:14 INFO Data backup completed response_time=546.7
2025-03-06 18:58:45 ERROR API endpoint timeout response_time=10084.3
2025-03-12 00:39:55 INFO Database query completed response_time=794.6
2025-03-12 05:34:25 INFO Database query completed response_time=406.5
2025-03-12 11:42:00 INFO Data backup completed response_time=830.8
2025-03-06 03:32:58 INFO Request processed successfully response_time=698.5
2025-03-10 23:53:41 WARNING Slow database response response_time=1596.3
2025-03-06 06:54:59 ERROR API endpoint timeout response_time=14686.4
2025-03-11 16:07:09 INFO Request processed successfully response_time=270.0
2025-03-05 22:18:50 WARNING Disk usage above 90% response_time=1923.5
2025-03-09 14:58:04 INFO Cache refreshed response_time=582.6
2025-03-09 16:34:12 INFO Request processed successfully response_time=789.9
2025-03-05 23:42:46 INFO Database query completed response_time=121.4
2025-03-11 01:00:44 WARNING High CPU usage detected response_time=2536.3
2025-03-07 16:12:45 INFO Request processed successfully response_time=510.3
2025-03-06 02:21:41 ERROR Authentication failed response_time=7879.2
2025-03-11 18:54:35 INFO Data backup completed response_time=202.8
2025-03-08 22:37:33 INFO Request processed successfully response_time=130.8
2025-03-10 09:44:51 INFO User login successful response_time=969.3
2025-03-10 05:51:15 WARNING Cache miss rate increasing response_time=1427.5
2025-03-09 12:24:57 INFO Cache refreshed response_time=709.1
2025-03-07 09:15:13 INFO Database query completed response_time=268.9
2025-03-08 04:33:07 INFO User login successful response_time=186.9
2025-03-11 15:09:26 INFO Request processed successfully response_time=366.6
2025-03-11 22:19:59 INFO Request processed successfully response_time=768.8
2025-03-09 20:53:58 INFO Data backup completed response_time=54.6
2025-03-08 14:46:04 INFO Database query completed response_time=393.3
2025-03-08 19:21:12 WARNING Slow database response response_time=4556.1
2025-03-09 01:05:19 WARNING Slow database response response_time=2704.1
2025-03-07 20:03:00 INFO Data backup completed response_time=109.3
2025-03-09 01:42:43 INFO Request processed successfully response_time=56.7
2025-03-07 17:20:15 INFO Data backup completed response_time=814.3
2025-03-09 00:42:47 INFO Request processed successfully response_time=934.6
2025-03-09 19:07:54 INFO Data backup completed response_time=671.1
2025-03-09 00:37:10 INFO Data backup completed response_time=56.5
2025-03-10 00:20:39 INFO User login successful response_time=384.7
2025-03-06 13:15:24 INFO Cache refreshed response_time=899.0
2025-03-10 13:34:45 INFO Database query completed response_time=878.3
2025-03-10 16:11:20 INFO User login successful response_time=975.0
2025-03-06 14:24:14 WARNING Cache miss rate increasing response_time=1484.1
2025-03-06 10:32:16 INFO Cache refreshed response_time=499.2
2025-03-09 11:30:58 INFO Database query completed response_time=888.6
2025-03-11 13:17:44 INFO Cache refreshed response_time=269.7
2025-03-06 02:04:32 INFO Database query completed response_time=54.4
2025-03-09 10:32:08 INFO Database query completed response_time=779.4
2025-03-09 12:11:04 INFO Cache refreshed response_time=679.8
2025-03-08 21:05:54 WARNING Slow database response response_time=4108.7
2025-03-08 11:36:41 INFO Request processed successfully response_time=757.1
2025-03-06 14:01:41 INFO Data backup completed response_time=133.1
2025-03-08 22:36:08 INFO Cache refreshed response_time=91.6
2025-03-09 23:48:44 WARNING Memory usage above 80% response_time=4070.9
2025-03-12 06:29:10 INFO User login successful response_time=66.5
2025-03-10 01:18:43 INFO Data backup completed response_time=194.9
2025-03-11 01:32:23 INFO Data backup completed response_time=929.2
2025-03-10 17:41:50 INFO Cache refreshed response_time=367.1
2025-03-07 04:38:43 ERROR Out of memory error response_time=5383.3
2025-03-06 06:34:23 WARNING High CPU usage detected response_time=1861.0
2025-03-08 10:23:24 INFO User login successful response_time=232.1
2025-03-11 10:05:02 INFO Database query completed response_time=352.6
2025-03-11 13:57:19 WARNING Cache miss rate increasing response_time=1394.5
2025-03-12 12:10:40 WARNING High CPU usage detected response_time=3484.6
2025-03-07 04:29:30 INFO Data backup completed response_time=431.2
2025-03-12 03:37:11 INFO Cache refreshed response_time=601.4
2025-03-07 13:24:36 INFO User login successful response_time=966.4
2025-03-06 05:53:07 INFO User login successful response_time=420.8
2025-03-10 03:23:06 INFO Cache refreshed response_time=444.0
2025-03-07 04:52:31 INFO Request processed successfully response_time=499.2
2025-03-10 11:30:52 INFO User login successful response_time=723.9
2025-03-11 05:10:45 INFO User login successful response_time=987.4
2025-03-07 13:35:42 INFO Data backup completed response_time=730.6
2025-03-09 16:43:04 INFO Cache refreshed response_time=978.2
2025-03-09 18:30:24 INFO Cache refreshed response_time=870.4
2025-03-12 08:28:26 WARNING Disk usage above 90% response_time=2014.3
2025-03-08 14:08:09 INFO Cache refreshed response_time=899.2
2025-03-09 23:15:59 WARNING Memory usage above 80% response_time=2500.4
2025-03-05 20:27:44 INFO Database query completed response_time=910.0
2025-03-05 17:30:07 WARNING Slow database response response_time=2778.0
2025-03-08 09:25:51 INFO Request processed successfully response_time=999.5
2025-03-11 02:40:33 WARNING Memory usage above 80% response_time=4050.6
2025-03-07 03:36:21 INFO Cache refreshed response_time=298.4
2025-03-07 23:06:42 WARNING Disk usage above 90% response_time=1270.4
2025-03-12 07:10:37 INFO User login successful response_time=854.9
2025-03-08 02:53:43 INFO User login successful response_time=986.1
2025-03-07 09:01:28 INFO Database query completed response_time=327.5
2025-03-11 17:22:00 INFO Database query completed response_time=271.4
2025-03-05 16:55:11 WARNING High CPU usage detected response_time=3575.3
2025-03-07 17:22:52 INFO Request processed successfully response_time=673.6
2025-03-08 11:50:38 INFO Request processed successfully response_time=528.8
2025-03-07 09:57:41 INFO Data backup completed response_time=654.9
2025-03-11 05:30:36 INFO Cache refreshed response_time=766.3
2025-03-08 18:46:19 INFO Cache refreshed response_time=107.5
2025-03-08 20:36:45 INFO User login successful response_time=403.3
2025-03-06 22:59:50 ERROR API endpoint timeout response_time=7352.9
2025-03-11 21:07:44 ERROR Database connection failed response_time=6069.3
2025-03-08 20:14:53 INFO Data backup completed response_time=750.7
2025-03-09 18:04:47 INFO Database query completed response_time=493.3
2025-03-06 06:51:50 ERROR Out of memory error response_time=6580.3
2025-03-11 21:14:35 WARNING Memory usage above 80% response_time=3911.2
2025-03-11 14:22:04 INFO User login successful response_time=429.7
2025-03-06 22:59:10 INFO User login successful response_time=368.7
2025-03-12 12:31:07 ERROR Out of memory error response_time=9641.5
2025-03-05 19:56:52 ERROR File system error response_time=8350.3
2025-03-08 11:11:16 INFO Cache refreshed response_time=178.9
2025-03-10 04:39:06 INFO Database query completed response_time=733.9
2025-03-12 02:38:20 INFO Cache refreshed response_time=911.3
2025-03-09 14:48:05 INFO Data backup completed response_time=831.1
2025-03-11 15:06:31 INFO Request processed successfully response_time=422.3
2025-03-07 06:12:43 INFO Data backup completed response_time=275.7
2025-03-06 11:43:32 WARNING Cache miss rate increasing response_time=4994.7
2025-03-05 13:54:04 INFO Database query completed response_time=337.9
2025-03-08 06:23:22 INFO User login successful response_time=408.8
2025-03-06 07:48:11 INFO Data backup completed response_time=810.7
2025-03-06 19:40:00 INFO Database query completed response_time=927.0
2025-03-11 22:11:10 WARNING Slow database response response_time=3499.3
2025-03-12 11:07:40 INFO User login successful response_time=879.6
2025-03-05 22:27:56 INFO Request processed successfully response_time=621.1
2025-03-05 15:01:04 INFO User login successful response_time=780.8
2025-03-09 09:42:18 INFO User login successful response_time=59.2
2025-03-11 00:08:30 ERROR Database connection failed response_time=6770.7
2025-03-06 08:04:29 INFO Database query completed response_time=531.7
2025-03-12 09:54:08 INFO Database query completed response_time=308.5
2025-03-07 07:19:22 INFO User login successful response_time=800.1
2025-03-10 15:53:09 INFO Database query completed response_time=656.5
2025-03-07 18:01:01 WARNING Memory usage above 80% response_time=1349.0
2025-03-08 16:08:44 INFO Database query completed response_time=888.0
2025-03-10 17:44:45 INFO Cache refreshed response_time=886.1
2025-03-10 17:30:03 ERROR Out of memory error response_time=13550.2
2025-03-12 04:21:02 INFO Request processed successfully response_time=807.8
2025-03-12 10:50:15 WARNING Memory usage above 80% response_time=1182.0
2025-03-08 08:55:56 WARNING Cache miss rate increasing response_time=3734.1
2025-03-08 19:27:23 INFO User login successful response_time=455.9
2025-03-12 04:31:31 INFO Data backup completed response_time=828.5
2025-03-08 06:16:26 INFO Database query completed response_time=490.5
2025-03-06 20:51:39 INFO Data backup completed response_time=833.4
2025-03-11 20:18:31 INFO Cache refreshed response_time=547.0
2025-03-10 18:47:58 WARNING Memory usage above 80% response_time=2925.0
2025-03-12 10:03:43 INFO Data backup completed response_time=294.7
2025-03-06 13:38:12 INFO Database query completed response_time=476.3
2025-03-11 09:12:50 WARNING Memory usage above 80% response_time=2847.7
2025-03-06 07:14:49 INFO User login successful response_time=67.0
2025-03-10 12:28:04 INFO User login successful response_time=920.7
2025-03-07 04:24:06 INFO Database query completed response_time=997.7
2025-03-08 17:49:02 INFO Data backup completed response_time=720.1
2025-03-08 17:58:08 WARNING Cache miss rate increasing response_time=3246.2
2025-03-09 22:36:30 INFO Cache refreshed response_time=422.1
2025-03-07 03:34:12 INFO Request processed successfully response_time=920.0
2025-03-09 21:21:50 INFO Cache refreshed response_time=289.1
2025-03-09 15:40:06 INFO User login successful response_time=412.9
2025-03-08 00:00:48 INFO Data backup completed response_time=591.4
2025-03-12 08:09:31 INFO User login successful response_time=751.5
2025-03-09 03:50:09 ERROR Database connection failed response_time=9730.9
2025-03-12 07:51:48 WARNING Cache miss rate increasing response_time=3558.2
2025-03-06 04:09:49 INFO Data backup completed response_time=951.7
2025-03-11 08:26:24 INFO Database query completed response_time=572.1
2025-03-11 17:18:57 ERROR File system error response_time=7460.5
2025-03-06 23:18:54 INFO Data backup completed response_time=943.8
2025-03-07 01:26:28 INFO Database query completed response_time=291.4
2025-03-07 08:05:00 WARNING Memory usage above 80% response_time=1242.8
2025-03-06 23:49:54 INFO Data backup completed response_time=388.3
2025-03-07 17:24:20 WARNING Cache miss rate increasing response_time=2935.7
2025-03-09 02:15:04 INFO Data backup completed response_time=443.8
2025-03-10 02:48:50 INFO User login successful response_time=179.3
2025-03-08 23:37:06 INFO Database query completed response_time=841.3
2025-03-10 10:23:19 INFO User login successful response_time=106.7
2025-03-06 06:25:38 INFO Cache refreshed response_time=839.2
2025-03-08 12:58:08 WARNING Cache miss rate increasing response_time=4028.7
2025-03-07 12:20:35 INFO User login successful response_time=779.8
2025-03-11 00:50:49 INFO User login successful response_time=599.5
2025-03-12 05:17:45 WARNING Cache miss rate increasing response_time=4285.4
2025-03-08 20:15:02 INFO Database query completed response_time=987.9
2025-03-07 17:02:21 INFO Request processed successfully response_time=973.5
2025-03-08 08:10:53 ERROR File system error response_time=9036.6
2025-03-06 15:30:33 INFO Cache refreshed response_time=382.1
2025-03-09 21:01:56 INFO Data backup completed response_time=580.1
2025-03-06 17:00:07 INFO Cache refreshed response_time=719.0
2025-03-05 23:47:48 INFO Data backup completed response_time=484.9
2025-03-09 19:07:37 WARNING Memory usage above 80% response_time=3578.3
2025-03-06 15:01:59 INFO Database query completed response_time=233.3
2025-03-08 18:45:19 INFO Cache refreshed response_time=124.5
2025-03-08 13:03:05 WARNING High CPU usage detected response_time=4036.4
2025-03-10 04:12:54 INFO User login successful response_time=540.9
2025-03-11 08:45:11 WARNING Cache miss rate increasing response_time=4933.9
2025-03-09 05:46:01 INFO Database query completed response_time=908.0
2025-03-12 06:15:18 WARNING Cache miss rate increasing response_time=3133.8
2025-03-08 01:41:43 INFO Database query completed response_time=161.5
2025-03-12 00:37:37 INFO User login successful response_time=624.7
2025-03-07 08:15:19 INFO Database query completed response_time=349.4
2025-03-07 06:39:42 INFO Data backup completed response_time=208.9
2025-03-08 05:24:46 WARNING Cache miss rate increasing response_time=1202.5
2025-03-08 17:03:37 INFO User login successful response_time=359.4
2025-03-08 16:47:13 WARNING Memory usage above 80% response_time=3256.7
2025-03-12 10:12:42 INFO User login successful response_time=131.1
2025-03-08 06:03:18 ERROR Database connection failed response_time=13475.7
2025-03-09 00:50:52 INFO Database query completed response_time=259.8
2025-03-09 09:25:08 INFO User login successful response_time=817.6
2025-03-07 11:10:37 INFO Cache refreshed response_time=922.6
2025-03-12 03:35:23 WARNING Memory usage above 80% response_time=4949.6
2025-03-07 10:13:17 INFO Database query completed response_time=208.3
2025-03-06 07:20:52 INFO Data backup completed response_time=898.7
2025-03-09 14:37:15 ERROR Out of memory error response_time=12070.6
2025-03-08 01:01:08 ERROR Authentication failed response_time=9507.5
2025-03-05 21:51:01 WARNING Cache miss rate increasing response_time=3498.9
2025-03-09 19:18:55 INFO Database query completed response_time=488.0
2025-03-08 01:43:03 INFO User login successful response_time=99.8
2025-03-11 23:16:41 INFO Request processed successfully response_time=470.5
2025-03-10 11:40:16 INFO Data backup completed response_time=453.3
2025-03-09 16:33:53 ERROR API endpoint timeout response_time=5233.4
2025-03-11 18:51:57 ERROR Out of memory error response_time=12191.9
2025-03-08 03:31:22 WARNING Slow database response response_time=4962.5
2025-03-09 08:33:16 WARNING Memory usage above 80% response_time=4657.2
2025-03-06 01:00:44 INFO Cache refreshed response_time=272.6
2025-03-08 06:52:34 WARNING Disk usage above 90% response_time=4217.3
2025-03-12 07:32:27 ERROR Database connection failed response_time=8601.1
2025-03-09 02:49:29 ERROR File system error response_time=9977.7
2025-03-07 05:06:13 ERROR File system error response_time=9917.5
2025-03-07 08:27:14 INFO Database query completed response_time=683.5
2025-03-11 15:33:21 WARNING Memory usage above 80% response_time=3355.4
2025-03-12 02:03:09 WARNING Cache miss rate increasing response_time=1526.2
2025-03-11 23:34:27 INFO Cache refreshed response_time=187.0
2025-03-07 08:46:50 INFO User login successful response_time=757.6
2025-03-11 06:23:08 INFO Data backup completed response_time=626.6
2025-03-12 10:33:39 INFO Cache refreshed response_time=175.7
2025-03-08 15:01:53 ERROR API endpoint timeout response_time=12435.4
2025-03-06 15:29:45 WARNING Disk usage above 90% response_time=4183.0
2025-03-05 13:22:07 WARNING High CPU usage detected response_time=2345.9
2025-03-11 19:41:08 INFO Request processed successfully response_time=141.3
2025-03-09 13:52:49 INFO Cache refreshed response_time=712.4
2025-03-09 10:20:33 INFO Cache refreshed response_time=352.7
2025-03-10 06:04:54 INFO Database query completed response_time=567.9
2025-03-08 20:58:05 WARNING Cache miss rate increasing response_time=4727.2
2025-03-08 19:15:49 ERROR File system error response_time=9851.9
2025-03-06 07:26:22 INFO Database query completed response_time=127.3
2025-03-07 03:58:43 INFO Data backup completed response_time=157.7
2025-03-05 21:58:40 ERROR Database connection failed response_time=13001.9
2025-03-08 07:30:10 ERROR API endpoint timeout response_time=10843.6
2025-03-11 12:49:08 INFO Database query completed response_time=164.9
2025-03-12 11:22:42 WARNING Slow database response response_time=1938.8
2025-03-11 23:52:18 INFO Cache refreshed response_time=69.5
2025-03-05 16:45:59 INFO Database query completed response_time=870.1
2025-03-06 02:19:44 WARNING Disk usage above 90% response_time=1475.5
2025-03-06 07:59:40 INFO Request processed successfully response_time=460.9
2025-03-06 21:11:22 INFO Database query completed response_time=628.2
2025-03-06 01:49:47 INFO Data backup completed response_time=756.2
2025-03-08 13:55:32 INFO User login successful response_time=425.1
2025-03-10 06:52:55 INFO Database query completed response_time=430.5
2025-03-05 13:19:39 INFO Request processed successfully response_time=635.7
2025-03-09 06:39:26 INFO Request processed successfully response_time=576.9
2025-03-09 12:52:50 INFO Cache refreshed response_time=657.3
2025-03-06 12:38:18 INFO User login successful response_time=294.0
2025-03-11 20:35:34 INFO Database query completed response_time=963.2
2025-03-10 09:30:19 INFO Database query completed response_time=922.7
2025-03-12 08:09:27 INFO Database query completed response_time=987.1
2025-03-10 03:31:18 INFO Data backup completed response_time=89.0
2025-03-08 19:00:57 INFO Cache refreshed response_time=990.9
2025-03-09 05:35:53 WARNING Slow database response response_time=3092.1
2025-03-10 23:40:50 INFO Cache refreshed response_time=168.7
2025-03-09 21:02:08 INFO Database query completed response_time=922.3
2025-03-09 06:38:19 WARNING Disk usage above 90% response_time=3030.4
2025-03-12 02:31:10 INFO User login successful response_time=258.3
2025-03-11 20:06:12 WARNING High CPU usage detected response_time=1009.3
2025-03-11 18:39:15 INFO Database query completed response_time=224.4
2025-03-09 18:45:52 INFO User login successful response_time=512.3
2025-03-10 10:06:17 INFO Cache refreshed response_time=816.8
2025-03-11 03:51:19 INFO Data backup completed response_time=914.1
2025-03-07 15:35:01 INFO User login successful response_time=834.0
2025-03-11 09:52:26 INFO User login successful response_time=439.2
2025-03-07 02:25:56 WARNING Cache miss rate increasing response_time=2232.3
2025-03-11 13:19:52 INFO Data backup completed response_time=868.0
2025-03-07 23:26:02 WARNING Slow database response response_time=3270.2
2025-03-09 05:32:41 WARNING Slow database response response_time=1178.9
2025-03-09 16:36:16 INFO Request processed successfully response_time=892.9
2025-03-11 12:39:42 ERROR API endpoint timeout response_time=8600.6
2025-03-08 17:42:39 WARNING Memory usage above 80% response_time=2159.3
2025-03-12 06:06:47 INFO User login successful response_time=944.9
2025-03-06 05:46:30 INFO User login successful response_time=286.8
2025-03-09 01:44:31 WARNING Memory usage above 80% response_time=3953.6
2025-03-11 11:24:15 INFO Data backup completed response_time=347.4
2025-03-08 11:38:06 INFO Data backup completed response_time=380.2
2025-03-05 19:51:56 INFO Request processed successfully response_time=500.5
2025-03-06 14:03:10 INFO Database query completed response_time=954.6
2025-03-06 18:12:11 INFO Database query completed response_time=474.1
2025-03-10 12:05:23 INFO Database query completed response_time=766.4
2025-03-11 00:38:49 INFO Request processed successfully response_time=535.0
2025-03-08 17:32:30 INFO Database query completed response_time=306.0
2025-03-09 03:39:01 INFO Cache refreshed response_time=264.2
2025-03-05 22:07:25 INFO Data backup completed response_time=397.1
2025-03-10 15:42:43 ERROR Database connection failed response_time=5298.3
2025-03-09 07:29:06 INFO Data backup completed response_time=749.4
2025-03-06 05:58:21 INFO Cache refreshed response_time=205.6
2025-03-10 23:37:45 INFO User login successful response_time=482.3
2025-03-11 04:38:46 INFO Request processed successfully response_time=210.4
2025-03-09 05:07:59 WARNING Memory usage above 80% response_time=2715.7
2025-03-06 10:21:15 INFO User login successful response_time=555.8
2025-03-09 02:14:40 WARNING High CPU usage detected response_time=1668.1
2025-03-07 08:19:47 INFO Cache refreshed response_time=738.4
2025-03-05 21:43:17 INFO Request processed successfully response_time=225.1
2025-03-10 10:32:47 INFO Database query completed response_time=277.3
2025-03-08 13:06:57 WARNING Disk usage above 90% response_time=4471.6
2025-03-07 05:15:32 INFO Cache refreshed response_time=942.8
2025-03-11 13:56:15 ERROR Out of memory error response_time=5493.1
2025-03-11 10:11:18 INFO User login successful response_time=520.7
2025-03-10 04:43:58 WARNING Memory usage above 80% response_time=4386.1
2025-03-12 09:57:27 INFO Data backup completed response_time=931.6
2025-03-05 20:58:38 WARNING Slow database response response_time=1067.6
2025-03-08 22:28:43 INFO Cache refreshed response_time=601.1
2025-03-06 14:39:24 INFO Cache refreshed response_time=674.0
2025-03-10 17:14:03 ERROR File system error response_time=12950.5
2025-03-10 21:30:51 INFO Data backup completed response_time=888.4
2025-03-12 03:05:31 WARNING Slow database response response_time=4559.0
2025-03-11 23:36:38 INFO User login successful response_time=105.4
2025-03-09 20:07:14 INFO User login successful response_time=450.3
2025-03-08 03:09:44 ERROR API endpoint timeout response_time=8107.0
2025-03-06 09:28:12 INFO User login successful response_time=962.3
2025-03-06 13:57:36 WARNING Slow database response response_time=4245.6
2025-03-08 16:19:47 WARNING Memory usage above 80% response_time=4546.6
2025-03-09 18:12:17 WARNING Disk usage above 90% response_time=3831.4
2025-03-08 16:27:19 INFO Request processed successfully response_time=444.0
2025-03-12 00:57:10 INFO Cache refreshed response_time=438.2
2025-03-07 07:47:05 WARNING Memory usage above 80% response_time=3373.9
2025-03-08 23:07:55 ERROR Out of memory error response_time=10046.6
2025-03-11 14:35:44 INFO Request processed successfully response_time=995.2
2025-03-09 17:16:21 INFO Cache refreshed response_time=894.2
2025-03-09 16:38:00 INFO Database query completed response_time=53.9
2025-03-07 06:14:34 INFO Request processed successfully response_time=128.4
2025-03-07 09:37:57 ERROR File system error response_time=5686.2
2025-03-08 07:51:22 ERROR Database connection failed response_time=8025.8
2025-03-09 21:23:56 INFO Request processed successfully response_time=637.6
2025-03-06 09:30:27 INFO User login successful response_time=853.1
2025-03-07 00:41:57 INFO Request processed successfully response_time=451.0
2025-03-06 21:39:21 INFO Database query completed response_time=741.2
2025-03-05 22:47:34 ERROR Out of memory error response_time=8904.4
2025-03-09 13:16:13 INFO Request processed successfully response_time=821.6
2025-03-08 05:09:51 INFO Data backup completed response_time=910.6
2025-03-08 10:23:27 INFO User login successful response_time=972.9
2025-03-06 19:11:50 INFO User login successful response_time=881.5
2025-03-06 20:50:19 WARNING Cache miss rate increasing response_time=2603.1
2025-03-07 14:30:13 INFO Request processed successfully response_time=375.9
2025-03-06 06:31:18 WARNING Memory usage above 80% response_time=3448.5
2025-03-07 14:20:29 INFO Request processed successfully response_time=634.6
2025-03-09 20:43:52 ERROR API endpoint timeout response_time=7267.4
2025-03-06 08:09:17 INFO Request processed successfully response_time=62.2
2025-03-09 11:46:54 INFO Request processed successfully response_time=76.0
2025-03-12 03:14:49 INFO User login successful response_time=987.4
2025-03-10 06:28:15 INFO Database query completed response_time=261.5
2025-03-05 23:42:55 INFO User login successful response_time=527.0
2025-03-09 14:29:07 WARNING Disk usage above 90% response_time=2642.6
2025-03-10 23:52:21 INFO Cache refreshed response_time=206.7
2025-03-10 20:11:41 INFO Database query completed response_time=398.0
2025-03-12 00:09:21 INFO User login successful response_time=937.4
2025-03-09 18:25:15 WARNING Memory usage above 80% response_time=1866.9
2025-03-11 23:15:03 ERROR Authentication failed response_time=7978.6
2025-03-11 09:04:44 INFO User login successful response_time=165.4
2025-03-11 12:34:46 INFO Database query completed response_time=458.3
2025-03-08 15:37:35 INFO Request processed successfully response_time=806.2
2025-03-11 15:25:45 INFO Request processed successfully response_time=170.1
2025-03-11 00:51:33 INFO Data backup completed response_time=400.1
2025-03-07 11:55:05 ERROR Out of memory error response_time=6749.8
2025-03-07 03:33:02 WARNING Slow database response response_time=3338.4
2025-03-07 08:21:19 INFO Database query completed response_time=806.9
2025-03-09 06:06:42 ERROR Database connection failed response_time=12021.9
2025-03-09 11:01:34 INFO User login successful response_time=50.8
2025-03-11 13:14:51 ERROR Out of memory error response_time=10453.5
2025-03-08 00:02:19 INFO User login successful response_time=590.6
2025-03-08 18:55:03 INFO Request processed successfully response_time=268.0
2025-03-11 01:33:33 INFO User login successful response_time=942.3
2025-03-10 11:48:39 INFO User login successful response_time=782.9
2025-03-10 18:40:04 INFO Database query completed response_time=950.7
2025-03-10 17:06:37 WARNING Memory usage above 80% response_time=2299.4
2025-03-05 13:15:37 INFO Cache refreshed response_time=683.9
2025-03-05 23:57:54 INFO Cache refreshed response_time=953.2
2025-03-06 06:47:49 INFO Request processed successfully response_time=82.3
2025-03-08 01:54:16 INFO User login successful response_time=232.2
2025-03-07 09:38:05 INFO Cache refreshed response_time=718.3
2025-03-07 03:42:40 INFO Database query completed response_time=133.2
2025-03-06 10:57:11 WARNING High CPU usage detected response_time=3717.3
2025-03-12 01:22:58 INFO Data backup completed response_time=95.1
2025-03-06 00:58:13 WARNING Disk usage above 90% response_time=4659.5
2025-03-07 19:40:09 INFO User login successful response_time=687.1
2025-03-07 06:12:00 INFO Database query completed response_time=524.7
2025-03-10 07:45:00 INFO Cache refreshed response_time=331.6
2025-03-09 17:29:04 INFO Request processed successfully response_time=880.1
2025-03-06 14:10:14 INFO Cache refreshed response_time=807.6
2025-03-08 20:54:56 INFO Database query completed response_time=524.1
2025-03-12 09:43:58 INFO Cache refreshed response_time=967.1
2025-03-09 21:15:44 INFO Request processed successfully response_time=964.0
2025-03-06 04:41:49 INFO Cache refreshed response_time=55.1
2025-03-12 02:20:53 WARNING High CPU usage detected response_time=3119.1
2025-03-10 04:18:11 INFO Request processed successfully response_time=544.7
2025-03-07 02:14:03 INFO User login successful response_time=917.1
2025-03-08 10:31:33 INFO Request processed successfully response_time=562.5
2025-03-08 12:36:56 WARNING Cache miss rate increasing response_time=4447.0
2025-03-08 16:24:29 INFO Cache refreshed response_time=351.2
2025-03-09 08:31:20 INFO Database query completed response_time=281.0
2025-03-09 08:43:19 INFO User login successful response_time=851.0
2025-03-05 22:43:51 INFO Data backup completed response_time=830.4
2025-03-11 14:27:25 WARNING Cache miss rate increasing response_time=1270.0
2025-03-11 22:40:18 INFO User login successful response_time=308.7
2025-03-07 00:02:58 ERROR Out of memory error response_time=13955.4
2025-03-10 16:03:06 INFO Data backup completed response_time=489.3
2025-03-12 12:43:18 ERROR API endpoint timeout response_time=8545.3
2025-03-11 08:46:17 INFO Request processed successfully response_time=960.6
2025-03-06 12:37:32 INFO User login successful response_time=826.9
2025-03-10 10:10:04 INFO Data backup completed response_time=699.8
2025-03-12 03:49:07 WARNING Cache miss rate increasing response_time=4726.1
2025-03-11 08:22:42 WARNING Slow database response response_time=4329.8
2025-03-07 00:34:59 INFO Cache refreshed response_time=313.8
2025-03-06 17:46:58 WARNING Slow database response response_time=3866.4
2025-03-10 23:12:10 INFO Database query completed response_time=542.1
2025-03-07 13:02:43 ERROR Database connection failed response_time=11766.6
2025-03-08 17:50:18 INFO Database query completed response_time=539.5
2025-03-10 07:17:00 WARNING Slow database response response_time=3674.0
2025-03-11 00:19:13 ERROR Authentication failed response_time=8315.4
2025-03-06 21:34:05 INFO Cache refreshed response_time=117.1
2025-03-11 04:55:12 INFO Database query completed response_time=126.1
2025-03-08 20:29:47 INFO Database query completed response_time=441.9
2025-03-06 15:51:18 WARNING Cache miss rate increasing response_time=4473.6
2025-03-12 06:16:30 INFO Cache refreshed response_time=114.9
2025-03-07 05:55:36 WARNING High CPU usage detected response_time=1552.6
2025-03-06 09:38:19 WARNING Cache miss rate increasing response_time=1688.0
2025-03-05 21:32:37 INFO Cache refreshed response_time=183.0
2025-03-10 16:18:14 INFO Data backup completed response_time=251.1
2025-03-12 03:20:52 INFO User login successful response_time=252.0
2025-03-10 04:10:16 INFO Data backup completed response_time=546.8
2025-03-10 02:01:30 INFO User login successful response_time=95.5
2025-03-12 08:49:23 INFO User login successful response_time=638.2
2025-03-11 06:09:07 WARNING Cache miss rate increasing response_time=4409.4
2025-03-07 03:26:06 INFO Request processed successfully response_time=79.0
2025-03-06 04:59:28 INFO Cache refreshed response_time=335.6
2025-03-10 11:19:23 INFO User login successful response_time=932.9
2025-03-06 01:34:28 INFO User login successful response_time=296.9
2025-03-08 09:16:33 INFO Database query completed response_time=337.3
2025-03-07 04:58:43 INFO Cache refreshed response_time=360.4
2025-03-10 23:34:48 INFO Database query completed response_time=868.3
2025-03-06 09:25:46 WARNING Slow database response response_time=1387.8
2025-03-07 08:40:41 INFO Data backup completed response_time=67.7
2025-03-07 17:28:24 ERROR API endpoint timeout response_time=7293.2
2025-03-07 13:06:50 INFO User login successful response_time=204.8
2025-03-08 12:54:57 INFO Cache refreshed response_time=71.2
2025-03-10 14:57:22 ERROR File system error response_time=7621.9
2025-03-06 06:30:03 INFO User login successful response_time=637.3
2025-03-11 04:02:51 INFO Request processed successfully response_time=580.4
2025-03-11 20:18:18 ERROR File system error response_time=11910.2
2025-03-08 13:07:59 INFO Database query completed response_time=809.3
2025-03-07 02:11:29 WARNING Slow database response response_time=3890.2
2025-03-10 04:56:20 WARNING Memory usage above 80% response_time=1238.7
2025-03-09 23:18:09 INFO Request processed successfully response_time=825.2
2025-03-07 14:41:03 INFO Database query completed response_time=917.2
2025-03-09 19:23:55 ERROR File system error response_time=8090.4
2025-03-09 11:06:43 INFO Request processed successfully response_time=147.6
2025-03-11 04:50:34 INFO Request processed successfully response_time=395.2
2025-03-08 08:47:57 INFO Cache refreshed response_time=379.2
2025-03-09 08:14:01 INFO Database query completed response_time=859.9
2025-03-09 17:36:24 INFO User login successful response_time=494.6
2025-03-10 15:31:18 INFO User login successful response_time=119.3
2025-03-07 07:13:47 ERROR Database connection failed response_time=12938.8
2025-03-09 16:47:07 WARNING Slow database response response_time=1181.1
2025-03-10 03:16:47 INFO Data backup completed response_time=586.1
2025-03-11 01:17:25 INFO Request processed successfully response_time=378.9
2025-03-11 19:08:21 INFO Database query completed response_time=983.4
2025-03-07 13:47:00 INFO Request processed successfully response_time=486.1
2025-03-11 23:42:33 INFO Database query completed response_time=678.3
2025-03-05 19:40:57 INFO Data backup completed response_time=656.9
2025-03-09 14:36:19 WARNING Cache miss rate increasing response_time=2139.9
2025-03-12 07:53:56 INFO Cache refreshed response_time=566.6
2025-03-08 21:10:14 WARNING Slow database response response_time=3422.5
2025-03-08 19:18:15 INFO User login successful response_time=121.6
2025-03-07 09:53:55 WARNING High CPU usage detected response_time=1789.2
2025-03-06 08:01:19 ERROR File system error response_time=6543.9
2025-03-05 20:29:15 INFO Database query completed response_time=162.7
2025-03-09 03:27:16 INFO Request processed successfully response_time=955.1
2025-03-11 18:07:11 INFO Database query completed response_time=289.8
2025-03-11 20:41:25 INFO Cache refreshed response_time=533.1
2025-03-06 23:31:59 INFO User login successful response_time=577.1
2025-03-07 15:42:44 ERROR Out of memory error response_time=10797.3
2025-03-10 06:06:20 INFO Database query completed response_time=720.1
2025-03-07 02:06:14 INFO Database query completed response_time=231.8
2025-03-10 11:25:38 INFO User login successful response_time=272.2
2025-03-10 06:42:27 INFO Data backup completed response_time=176.8
2025-03-08 23:29:35 ERROR Authentication failed response_time=12573.3
2025-03-12 06:15:49 WARNING High CPU usage detected response_time=4526.9
2025-03-05 17:28:37 WARNING High CPU usage detected response_time=1973.0
2025-03-11 10:04:33 INFO Database query completed response_time=166.3
2025-03-06 02:37:57 INFO Request processed successfully response_time=297.6
2025-03-08 09:20:20 INFO User login successful response_time=863.7
2025-03-06 23:19:08 INFO User login successful response_time=995.8
2025-03-10 20:50:22 INFO User login successful response_time=393.7
2025-03-09 09:25:47 WARNING Memory usage above 80% response_time=3229.5
2025-03-09 13:12:10 INFO User login successful response_time=797.7
2025-03-12 11:56:46 INFO Database query completed response_time=776.0
2025-03-09 20:58:34 INFO User login successful response_time=345.6
2025-03-10 17:41:41 INFO Cache refreshed response_time=954.7
2025-03-10 06:09:47 INFO Data backup completed response_time=972.1
2025-03-08 03:52:42 INFO Data backup completed response_time=134.3
2025-03-07 17:07:23 ERROR Database connection failed response_time=13869.3
2025-03-07 02:29:49 INFO Request processed successfully response_time=553.0
2025-03-06 04:56:15 INFO Request processed successfully response_time=191.8
2025-03-11 07:26:20 INFO User login successful response_time=594.2
2025-03-11 19:45:27 WARNING Disk usage above 90% response_time=1899.5
2025-03-10 00:46:41 WARNING Slow database response response_time=3496.5
2025-03-11 08:13:27 INFO Database query completed response_time=695.5
2025-03-06 07:13:59 INFO Cache refreshed response_time=674.1
2025-03-10 02:01:23 INFO User login successful response_time=538.9
2025-03-07 05:03:27 INFO Database query completed response_time=670.8
2025-03-09 20:50:26 WARNING Memory usage above 80% response_time=1442.7
2025-03-08 10:14:21 INFO Request processed successfully response_time=525.6
2025-03-06 21:24:03 INFO Request processed successfully response_time=96.3
2025-03-08 18:30:06 WARNING High CPU usage detected response_time=2989.5
2025-03-12 10:43:34 ERROR Database connection failed response_time=11041.7
2025-03-06 16:49:41 ERROR File system error response_time=5828.6
2025-03-09 16:19:24 INFO Request processed successfully response_time=757.0
2025-03-08 23:31:20 WARNING Cache miss rate increasing response_time=3708.0
2025-03-12 08:39:50 INFO Request processed successfully response_time=891.7
2025-03-06 10:56:42 ERROR Authentication failed response_time=11014.3
2025-03-06 14:34:20 INFO Request processed successfully response_time=240.2
2025-03-10 20:28:27 INFO Data backup completed response_time=244.7
2025-03-08 02:41:15 ERROR File system error response_time=10983.1
2025-03-09 00:46:55 WARNING Disk usage above 90% response_time=2936.9
2025-03-08 06:29:20 INFO Request processed successfully response_time=693.5
2025-03-09 19:24:05 WARNING Memory usage above 80% response_time=3611.5
2025-03-08 12:30:43 ERROR File system error response_time=14533.7
2025-03-05 19:14:39 WARNING Memory usage above 80% response_time=1152.6
2025-03-06 06:34:11 INFO Data backup completed response_time=928.0
2025-03-06 03:08:45 ERROR Out of memory error response_time=12659.6
2025-03-07 21:21:52 ERROR Authentication failed response_time=7360.9
2025-03-10 21:23:57 ERROR Out of memory error response_time=14287.6
2025-03-09 22:45:52 INFO Cache refreshed response_time=745.4
2025-03-10 01:23:23 INFO Database query completed response_time=850.6
2025-03-08 21:48:01 WARNING Disk usage above 90% response_time=2331.4
2025-03-11 17:07:16 INFO Cache refreshed response_time=284.6
2025-03-07 19:38:40 INFO Data backup completed response_time=390.9
2025-03-08 03:16:10 INFO User login successful response_time=259.6
2025-03-11 21:25:44 INFO Database query completed response_time=456.4
2025-03-09 03:38:34 INFO Database query completed response_time=516.9
2025-03-12 03:19:54 WARNING High CPU usage detected response_time=4110.6
2025-03-10 11:40:12 INFO Request processed successfully response_time=672.5
2025-03-11 07:20:59 WARNING Slow database response response_time=4184.7
2025-03-07 11:56:25 INFO Data backup completed response_time=830.0
2025-03-12 04:12:36 WARNING Cache miss rate increasing response_time=1722.0
2025-03-08 19:07:57 INFO Database query completed response_time=430.9
2025-03-11 17:51:06 INFO User login successful response_time=784.8
2025-03-07 08:19:47 INFO Cache refreshed response_time=87.0
2025-03-11 18:01:31 WARNING Disk usage above 90% response_time=1389.2
2025-03-08 02:12:25 ERROR File system error response_time=12458.2
2025-03-11 04:44:58 INFO Database query completed response_time=991.9
2025-03-07 16:59:43 INFO Database query completed response_time=700.9
2025-03-08 06:22:35 INFO User login successful response_time=692.5
2025-03-05 16:16:19 INFO User login successful response_time=765.4
2025-03-09 23:18:58 WARNING Memory usage above 80% response_time=1170.9
2025-03-07 07:10:14 WARNING Slow database response response_time=1267.9
2025-03-11 07:00:23 INFO Request processed successfully response_time=169.4
2025-03-06 13:41:36 INFO User login successful response_time=594.2
2025-03-05 23:35:34 INFO User login successful response_time=590.8
2025-03-09 21:44:57 INFO User login successful response_time=416.1
2025-03-09 10:29:22 ERROR File system error response_time=7640.4
2025-03-05 16:50:54 INFO Cache refreshed response_time=381.1
2025-03-06 23:37:19 INFO User login successful response_time=657.6
2025-03-10 13:36:33 INFO Database query completed response_time=878.3
2025-03-08 07:43:52 INFO Cache refreshed response_time=711.4
2025-03-10 19:17:07 INFO Request processed successfully response_time=965.4
2025-03-09 00:02:21 WARNING High CPU usage detected response_time=4862.2
2025-03-10 19:51:37 INFO Request processed successfully response_time=395.8
2025-03-07 21:15:43 INFO Database query completed response_time=277.6
2025-03-11 05:31:22 INFO Cache refreshed response_time=225.4
2025-03-09 02:19:32 INFO Database query completed response_time=138.3
2025-03-12 05:38:09 INFO Cache refreshed response_time=770.0
2025-03-11 12:04:48 INFO User login successful response_time=452.4
2025-03-08 19:56:41 INFO Database query completed response_time=503.9
2025-03-06 14:16:34 INFO Request processed successfully response_time=286.2
2025-03-07 17:31:46 INFO Database query completed response_time=522.0
2025-03-11 01:15:35 INFO Cache refreshed response_time=455.6
2025-03-06 07:03:05 INFO Data backup completed response_time=436.9
2025-03-08 14:24:28 INFO Request processed successfully response_time=912.4
2025-03-09 10:27:17 INFO Cache refreshed response_time=562.9
2025-03-07 14:17:40 INFO Database query completed response_time=374.9
2025-03-09 12:40:15 WARNING Disk usage above 90% response_time=4324.7
2025-03-10 01:47:13 WARNING Cache miss rate increasing response_time=3708.3
2025-03-11 18:12:55 INFO Database query completed response_time=909.4
2025-03-07 16:56:46 INFO Request processed successfully response_time=882.5
2025-03-06 18:54:08 INFO Database query completed response_time=597.5
2025-03-08 22:00:15 WARNING Cache miss rate increasing response_time=3825.5
2025-03-08 16:47:51 INFO User login successful response_time=146.3
2025-03-08 14:43:40 INFO Cache refreshed response_time=647.5
2025-03-06 19:24:03 INFO User login successful response_time=459.8
2025-03-05 13:58:12 INFO Data backup completed response_time=892.9
2025-03-10 02:11:15 INFO Data backup completed response_time=683.2
2025-03-12 11:06:57 INFO Request processed successfully response_time=320.7
2025-03-07 13:40:36 INFO Cache refreshed response_time=129.9
2025-03-06 01:14:00 WARNING Memory usage above 80% response_time=3124.3
2025-03-09 04:35:55 ERROR Out of memory error response_time=12640.7
2025-03-08 23:46:53 INFO Database query completed response_time=733.0
2025-03-08 03:37:49 ERROR API endpoint timeout response_time=6902.7
2025-03-06 03:00:55 INFO Cache refreshed response_time=933.0
2025-03-07 11:34:03 INFO Request processed successfully response_time=557.8
2025-03-11 01:13:30 ERROR File system error response_time=7059.3
2025-03-09 15:12:21 INFO User login successful response_time=354.8
2025-03-10 04:47:10 INFO Data backup completed response_time=324.4
2025-03-12 09:57:36 INFO Database query completed response_time=994.1
2025-03-06 05:44:43 WARNING High CPU usage detected response_time=1040.1
2025-03-05 17:29:34 WARNING Cache miss rate increasing response_time=1038.7
2025-03-10 08:16:00 ERROR Out of memory error response_time=6289.9
2025-03-12 10:32:59 INFO Cache refreshed response_time=948.4
2025-03-09 06:08:54 ERROR File system error response_time=9080.6
2025-03-11 17:05:18 INFO Request processed successfully response_time=477.8
2025-03-11 07:10:36 INFO Cache refreshed response_time=364.5
2025-03-05 13:54:38 ERROR API endpoint timeout response_time=9034.4
2025-03-10 11:21:01 INFO Database query completed response_time=157.1
2025-03-08 22:32:03 INFO Data backup completed response_time=123.7
2025-03-12 05:40:33 INFO User login successful response_time=656.0
2025-03-10 10:32:56 INFO Cache refreshed response_time=478.1
2025-03-06 10:26:49 INFO User login successful response_time=727.6
2025-03-10 08:27:48 WARNING Disk usage above 90% response_time=3737.9
2025-03-05 17:44:32 INFO User login successful response_time=184.3
2025-03-11 08:41:51 WARNING High CPU usage detected response_time=1203.4
2025-03-07 10:35:18 INFO Cache refreshed response_time=578.9
2025-03-09 00:16:09 INFO Data backup completed response_time=793.8
2025-03-11 09:37:14 INFO Request processed successfully response_time=730.9
2025-03-06 14:04:22 INFO Database query completed response_time=399.8
2025-03-07 19:06:48 ERROR Database connection failed response_time=13364.7
2025-03-10 19:22:26 INFO Cache refreshed response_time=320.7
2025-03-07 05:39:55 INFO User login successful response_time=273.1
2025-03-09 07:07:29 WARNING Slow database response response_time=4917.7
2025-03-08 00:56:27 INFO Data backup completed response_time=83.4
2025-03-09 06:56:44 INFO Request processed successfully response_time=573.4
2025-03-12 02:49:33 INFO Request processed successfully response_time=935.3
2025-03-09 23:03:47 WARNING Cache miss rate increasing response_time=1729.2
2025-03-10 11:00:43 WARNING High CPU usage detected response_time=4168.7
2025-03-07 08:46:04 INFO Data backup completed response_time=443.3
2025-03-10 01:52:34 INFO Cache refreshed response_time=237.5
2025-03-07 11:17:24 ERROR Out of memory error response_time=10771.4
2025-03-09 05:13:15 WARNING High CPU usage detected response_time=2683.3
2025-03-10 10:46:18 INFO Cache refreshed response_time=626.2
2025-03-08 16:05:58 INFO Database query completed response_time=927.0
2025-03-11 09:56:58 INFO Database query completed response_time=247.7
2025-03-11 06:51:49 INFO Request processed successfully response_time=100.8
2025-03-10 13:05:39 ERROR Database connection failed response_time=10067.2
2025-03-11 03:57:46 INFO Data backup completed response_time=829.4
2025-03-08 11:37:35 INFO User login successful response_time=408.3
2025-03-09 11:32:32 ERROR Database connection failed response_time=7228.9
2025-03-08 02:16:01 INFO Data backup completed response_time=323.1
2025-03-10 18:17:03 INFO User login successful response_time=480.2
2025-03-11 04:42:07 INFO Data backup completed response_time=512.5
2025-03-12 01:51:05 WARNING Memory usage above 80% response_time=3350.2
2025-03-10 14:55:46 INFO Cache refreshed response_time=939.7
2025-03-10 16:28:33 WARNING Disk usage above 90% response_time=1889.0
2025-03-07 19:26:30 INFO Database query completed response_time=837.4
2025-03-05 17:18:50 WARNING Slow database response response_time=1123.4
2025-03-09 00:48:53 INFO Data backup completed response_time=506.4
2025-03-09 05:12:58 WARNING Memory usage above 80% response_time=1647.2
2025-03-11 00:05:33 ERROR File system error response_time=8659.4
2025-03-07 13:09:19 INFO Data backup completed response_time=512.2
2025-03-10 15:31:09 ERROR Authentication failed response_time=10240.8
2025-03-09 15:15:05 INFO Database query completed response_time=75.9
2025-03-09 13:01:30 WARNING Memory usage above 80% response_time=4692.1
2025-03-07 10:30:06 ERROR Out of memory error response_time=12591.5
2025-03-06 11:55:35 INFO Request processed successfully response_time=471.6
2025-03-07 22:46:58 ERROR Authentication failed response_time=11134.2
2025-03-06 01:53:29 INFO Cache refreshed response_time=824.7
2025-03-10 23:13:37 INFO User login successful response_time=690.9
2025-03-12 03:13:28 ERROR Out of memory error response_time=10268.1
2025-03-08 09:07:11 WARNING Slow database response response_time=2638.0
2025-03-11 21:16:27 INFO Data backup completed response_time=938.5
2025-03-06 19:51:46 INFO Request processed successfully response_time=993.9
2025-03-07 08:16:16 INFO Data backup completed response_time=624.8
2025-03-08 16:35:43 ERROR Out of memory error response_time=8426.5
2025-03-07 19:30:44 INFO Data backup completed response_time=491.5
2025-03-08 14:54:19 INFO User login successful response_time=829.3
2025-03-10 22:48:33 INFO Data backup completed response_time=585.7
2025-03-05 18:43:13 INFO Data backup completed response_time=312.0
2025-03-12 09:17:29 INFO Cache refreshed response_time=219.9
2025-03-11 12:20:47 INFO Database query completed response_time=89.7
2025-03-11 17:32:04 INFO Database query completed response_time=810.2
2025-03-08 03:12:55 INFO User login successful response_time=349.3
2025-03-07 15:39:49 INFO User login successful response_time=893.6
2025-03-07 23:42:24 INFO Request processed successfully response_time=831.9
2025-03-07 06:17:29 INFO Database query completed response_time=636.4
2025-03-06 13:51:27 INFO Cache refreshed response_time=249.4
2025-03-11 19:35:37 INFO Database query completed response_time=598.4
2025-03-06 10:20:34 WARNING Slow database response response_time=1636.5
2025-03-12 02:10:56 INFO User login successful response_time=195.3
2025-03-05 14:25:47 ERROR Database connection failed response_time=6741.2
2025-03-11 02:42:10 WARNING Disk usage above 90% response_time=2860.1
2025-03-05 22:23:21 INFO Data backup completed response_time=821.9
2025-03-09 01:07:47 INFO Cache refreshed response_time=541.0
2025-03-06 12:25:53 INFO User login successful response_time=585.2
2025-03-08 02:52:09 INFO Data backup completed response_time=769.1
2025-03-09 00:32:11 WARNING High CPU usage detected response_time=3486.4
2025-03-07 12:10:03 INFO Database query completed response_time=529.7
2025-03-09 06:10:34 INFO Cache refreshed response_time=169.9
2025-03-12 12:32:34 WARNING Slow database response response_time=3959.1
2025-03-12 03:55:05 ERROR API endpoint timeout response_time=6522.2
2025-03-11 11:14:24 INFO Cache refreshed response_time=518.9
2025-03-08 03:46:17 INFO Cache refreshed response_time=421.6
2025-03-09 16:58:23 ERROR API endpoint timeout response_time=13506.0
2025-03-06 16:46:44 WARNING Memory usage above 80% response_time=1357.2
2025-03-07 02:40:22 WARNING Cache miss rate increasing response_time=2638.1
2025-03-07 07:57:34 WARNING High CPU usage detected response_time=2784.3
2025-03-11 19:47:00 ERROR File system error response_time=12589.8
2025-03-06 22:30:47 INFO User login successful response_time=770.2
2025-03-07 20:30:42 INFO Data backup completed response_time=513.0
2025-03-09 22:03:50 ERROR File system error response_time=13512.9
2025-03-08 23:29:34 INFO Data backup completed response_time=408.8
2025-03-08 15:14:06 INFO Request processed successfully response_time=957.1
2025-03-08 15:34:20 INFO Cache refreshed response_time=150.6
2025-03-08 08:08:13 INFO Database query completed response_time=851.2
2025-03-10 22:56:00 INFO User login successful response_time=329.9
2025-03-06 00:09:21 WARNING Slow database response response_time=3250.1
2025-03-06 10:01:23 WARNING Cache miss rate increasing response_time=3988.3
2025-03-08 04:28:32 INFO Database query completed response_time=502.5
2025-03-12 10:17:31 INFO Data backup completed response_time=868.7
2025-03-11 19:18:08 ERROR Out of memory error response_time=5344.2
2025-03-09 04:33:28 INFO Database query completed response_time=870.6
2025-03-11 07:49:39 INFO User login successful response_time=966.1
2025-03-08 20:30:16 WARNING Cache miss rate increasing response_time=3286.8
2025-03-09 07:57:17 ERROR API endpoint timeout response_time=11858.7
2025-03-08 02:32:55 ERROR Authentication failed response_time=7235.4
2025-03-06 15:02:25 INFO User login successful response_time=97.7
2025-03-09 08:14:51 INFO Request processed successfully response_time=944.0
2025-03-12 08:57:02 INFO Request processed successfully response_time=506.4
2025-03-07 00:51:55 WARNING Cache miss rate increasing response_time=4760.3
2025-03-08 11:35:58 INFO User login successful response_time=795.1
2025-03-11 03:20:16 INFO Cache refreshed response_time=744.2
2025-03-07 07:21:28 INFO User login successful response_time=954.5
2025-03-07 05:42:43 INFO Database query completed response_time=255.2
2025-03-07 00:54:39 ERROR Authentication failed response_time=14466.2
2025-03-08 16:04:30 INFO Data backup completed response_time=754.9
2025-03-08 20:14:23 INFO Request processed successfully response_time=881.7
2025-03-08 03:28:43 INFO User login successful response_time=646.8
2025-03-07 06:33:31 WARNING Memory usage above 80% response_time=2152.3
2025-03-07 00:36:24 INFO Data backup completed response_time=94.5
